#
# There is insufficient memory for the Java Runtime Environment to continue.
# Native memory allocation (mmap) failed to map 57671680 bytes for G1 virtual space
# Possible reasons:
#   The system is out of physical RAM or swap space
#   The process is running with CompressedOops enabled, and the Java Heap may be blocking the growth of the native heap
# Possible solutions:
#   Reduce memory load on the system
#   Increase physical memory or swap space
#   Check if swap backing store is full
#   Decrease Java heap size (-Xmx/-Xms)
#   Decrease number of Java threads
#   Decrease Java thread stack sizes (-Xss)
#   Set larger code cache with -XX:ReservedCodeCacheSize=
#   JVM is running with Unscaled Compressed Oops mode in which the Java heap is
#     placed in the first 4GB address space. The Java Heap base address is the
#     maximum limit for the native heap growth. Please use -XX:HeapBaseMinAddress
#     to set the Java Heap base and to place the Java Heap above 4GB virtual address.
# This output file may be truncated or incomplete.
#
#  Out of Memory Error (os_windows.cpp:3548), pid=3148, tid=11864
#
# JRE version: Java(TM) SE Runtime Environment (17.0.12+8) (build 17.0.12+8-LTS-286)
# Java VM: Java HotSpot(TM) 64-Bit Server VM (17.0.12+8-LTS-286, mixed mode, sharing, tiered, compressed oops, compressed class ptrs, g1 gc, windows-amd64)
# No core dump will be written. Minidumps are not enabled by default on client versions of Windows
#

---------------  S U M M A R Y ------------

Command Line: org.jetbrains.kotlin.cli.jvm.K2JVMCompiler @C:\Users\HP\Desktop\ProjekUTS\node_modules\react-native-screens\android\build\20241105_11882818528982170341.compiler.options

Host: Intel(R) Core(TM) i3-5005U CPU @ 2.00GHz, 4 cores, 3G,  Windows 10 , 64 bit Build 19041 (10.0.19041.4957)
Time: Tue Nov  5 20:47:48 2024 Altai Standard Time elapsed time: 551.316031 seconds (0d 0h 9m 11s)

---------------  T H R E A D  ---------------

Current thread (0x000002308d2adb20):  VMThread "VM Thread" [stack: 0x000000d336400000,0x000000d336500000] [id=11864]

Stack: [0x000000d336400000,0x000000d336500000]
Native frames: (J=compiled Java code, j=interpreted, Vv=VM code, C=native code)
V  [jvm.dll+0x67a04a]
V  [jvm.dll+0x7da4ed]
V  [jvm.dll+0x7dbe33]
V  [jvm.dll+0x7dc4a3]
V  [jvm.dll+0x24508f]
V  [jvm.dll+0x677089]
V  [jvm.dll+0x66bd32]
V  [jvm.dll+0x301fa6]
V  [jvm.dll+0x309546]
V  [jvm.dll+0x359d2e]
V  [jvm.dll+0x359f5f]
V  [jvm.dll+0x2d9078]
V  [jvm.dll+0x2dc0e6]
V  [jvm.dll+0x2e67eb]
V  [jvm.dll+0x31a870]
V  [jvm.dll+0x7e0d9b]
V  [jvm.dll+0x7e1ad4]
V  [jvm.dll+0x7e1fed]
V  [jvm.dll+0x7e23c4]
V  [jvm.dll+0x7e2490]
V  [jvm.dll+0x78abea]
V  [jvm.dll+0x678f35]
C  [ucrtbase.dll+0x21bb2]
C  [KERNEL32.DLL+0x17374]
C  [ntdll.dll+0x4cc91]

VM_Operation (0x000000d3360ff800): G1Concurrent, mode: safepoint, requested by thread 0x000002308d23f2a0


---------------  P R O C E S S  ---------------

Threads class SMR info:
_java_thread_list=0x00000230efd1f060, length=12, elements={
0x000002308d1fb740, 0x000002308d2b4790, 0x000002308d2b5610, 0x000002308d2c96e0,
0x000002308d2cb2b0, 0x000002308d2cdc80, 0x000002308d2ce640, 0x00000230a846e3f0,
0x00000230a84715a0, 0x00000230a84dbb00, 0x00000230a86a7a50, 0x00000230a86b07a0
}

Java Threads: ( => current thread )
  0x000002308d1fb740 JavaThread "main" [_thread_blocked, id=12332, stack(0x000000d335e00000,0x000000d335f00000)]
  0x000002308d2b4790 JavaThread "Reference Handler" daemon [_thread_blocked, id=8400, stack(0x000000d336500000,0x000000d336600000)]
  0x000002308d2b5610 JavaThread "Finalizer" daemon [_thread_blocked, id=2584, stack(0x000000d336600000,0x000000d336700000)]
  0x000002308d2c96e0 JavaThread "Signal Dispatcher" daemon [_thread_blocked, id=12812, stack(0x000000d336700000,0x000000d336800000)]
  0x000002308d2cb2b0 JavaThread "Attach Listener" daemon [_thread_blocked, id=3952, stack(0x000000d336800000,0x000000d336900000)]
  0x000002308d2cdc80 JavaThread "Service Thread" daemon [_thread_blocked, id=9816, stack(0x000000d336900000,0x000000d336a00000)]
  0x000002308d2ce640 JavaThread "Monitor Deflation Thread" daemon [_thread_blocked, id=8328, stack(0x000000d336a00000,0x000000d336b00000)]
  0x00000230a846e3f0 JavaThread "C2 CompilerThread0" daemon [_thread_blocked, id=4828, stack(0x000000d336b00000,0x000000d336c00000)]
  0x00000230a84715a0 JavaThread "C1 CompilerThread0" daemon [_thread_blocked, id=5656, stack(0x000000d336c00000,0x000000d336d00000)]
  0x00000230a84dbb00 JavaThread "Sweeper thread" daemon [_thread_blocked, id=3228, stack(0x000000d336d00000,0x000000d336e00000)]
  0x00000230a86a7a50 JavaThread "Notification Thread" daemon [_thread_blocked, id=1384, stack(0x000000d336e00000,0x000000d336f00000)]
  0x00000230a86b07a0 JavaThread "Common-Cleaner" daemon [_thread_blocked, id=2844, stack(0x000000d337000000,0x000000d337100000)]

Other Threads:
=>0x000002308d2adb20 VMThread "VM Thread" [stack: 0x000000d336400000,0x000000d336500000] [id=11864]
  0x00000230a86aa340 WatcherThread [stack: 0x000000d336f00000,0x000000d337000000] [id=12376]
  0x000002308d2365d0 GCTaskThread "GC Thread#0" [stack: 0x000000d335f00000,0x000000d336000000] [id=5900]
  0x00000230a88139c0 GCTaskThread "GC Thread#1" [stack: 0x000000d337100000,0x000000d337200000] [id=7068]
  0x00000230a8812940 GCTaskThread "GC Thread#2" [stack: 0x000000d337200000,0x000000d337300000] [id=6340]
  0x00000230a8813c80 GCTaskThread "GC Thread#3" [stack: 0x000000d337300000,0x000000d337400000] [id=6940]
  0x000002308d23f2a0 ConcurrentGCThread "G1 Main Marker" [stack: 0x000000d336000000,0x000000d336100000] [id=7324]
  0x000002308d240cc0 ConcurrentGCThread "G1 Conc#0" [stack: 0x000000d336100000,0x000000d336200000] [id=10080]
  0x000002308d28cf30 ConcurrentGCThread "G1 Refine#0" [stack: 0x000000d336200000,0x000000d336300000] [id=5544]
  0x00000230efaafbe0 ConcurrentGCThread "G1 Refine#1" [stack: 0x000000d335c00000,0x000000d335d00000] [id=12196]
  0x000002308d28d960 ConcurrentGCThread "G1 Service" [stack: 0x000000d336300000,0x000000d336400000] [id=8372]

Threads with active compile tasks:

VM state: at safepoint (normal execution)

VM Mutex/Monitor currently owned by a thread:  ([mutex/lock_event])
[0x000002308d1f6f20] Threads_lock - owner thread: 0x000002308d2adb20
[0x000002308d1f7670] Heap_lock - owner thread: 0x000002308d23f2a0

Heap address: 0x00000000c1400000, size: 1004 MB, Compressed Oops mode: 32-bit

CDS archive(s) mapped at: [0x00000230a9000000-0x00000230a9bd0000-0x00000230a9bd0000), size 12386304, SharedBaseAddress: 0x00000230a9000000, ArchiveRelocationMode: 1.
Compressed class space mapped at: 0x00000230aa000000-0x00000230ea000000, reserved size: 1073741824
Narrow klass base: 0x00000230a9000000, Narrow klass shift: 0, Narrow klass range: 0x100000000

GC Precious Log:
 CPUs: 4 total, 4 available
 Memory: 4011M
 Large Page Support: Disabled
 NUMA Support: Disabled
 Compressed Oops: Enabled (32-bit)
 Heap Region Size: 1M
 Heap Min Capacity: 8M
 Heap Initial Capacity: 64M
 Heap Max Capacity: 1004M
 Pre-touch: Disabled
 Parallel Workers: 4
 Concurrent Workers: 1
 Concurrent Refinement Workers: 4
 Periodic GC: Disabled

Heap:
 garbage-first heap   total 173056K, used 134448K [0x00000000c1400000, 0x0000000100000000)
  region size 1024K, 12 young (12288K), 3 survivors (3072K)
 Metaspace       used 79877K, committed 80192K, reserved 1179648K
  class space    used 8286K, committed 8448K, reserved 1048576K

Heap Regions: E=young(eden), S=young(survivor), O=old, HS=humongous(starts), HC=humongous(continues), CS=collection set, F=free, OA=open archive, CA=closed archive, TAMS=top-at-mark-start (previous, next)
|   0|0x00000000c1400000, 0x00000000c1500000, 0x00000000c1500000|100%|HS|  |TAMS 0x00000000c1500000, 0x00000000c1400000| Complete 
|   1|0x00000000c1500000, 0x00000000c1600000, 0x00000000c1600000|100%|HC|  |TAMS 0x00000000c1600000, 0x00000000c1500000| Complete 
|   2|0x00000000c1600000, 0x00000000c1700000, 0x00000000c1700000|100%|HC|  |TAMS 0x00000000c1700000, 0x00000000c1600000| Complete 
|   3|0x00000000c1700000, 0x00000000c1800000, 0x00000000c1800000|100%|HC|  |TAMS 0x00000000c1800000, 0x00000000c1700000| Complete 
|   4|0x00000000c1800000, 0x00000000c1900000, 0x00000000c1900000|100%| O|  |TAMS 0x00000000c1900000, 0x00000000c1800000| Untracked 
|   5|0x00000000c1900000, 0x00000000c1a00000, 0x00000000c1a00000|100%| O|  |TAMS 0x00000000c1a00000, 0x00000000c1900000| Untracked 
|   6|0x00000000c1a00000, 0x00000000c1b00000, 0x00000000c1b00000|100%| O|  |TAMS 0x00000000c1b00000, 0x00000000c1a00000| Untracked 
|   7|0x00000000c1b00000, 0x00000000c1c00000, 0x00000000c1c00000|100%| O|  |TAMS 0x00000000c1c00000, 0x00000000c1b00000| Untracked 
|   8|0x00000000c1c00000, 0x00000000c1d00000, 0x00000000c1d00000|100%| O|  |TAMS 0x00000000c1d00000, 0x00000000c1c00000| Untracked 
|   9|0x00000000c1d00000, 0x00000000c1e00000, 0x00000000c1e00000|100%| O|  |TAMS 0x00000000c1e00000, 0x00000000c1d00000| Untracked 
|  10|0x00000000c1e00000, 0x00000000c1f00000, 0x00000000c1f00000|100%| O|  |TAMS 0x00000000c1f00000, 0x00000000c1e00000| Untracked 
|  11|0x00000000c1f00000, 0x00000000c2000000, 0x00000000c2000000|100%| O|  |TAMS 0x00000000c2000000, 0x00000000c1f00000| Untracked 
|  12|0x00000000c2000000, 0x00000000c2100000, 0x00000000c2100000|100%| O|  |TAMS 0x00000000c2100000, 0x00000000c2000000| Untracked 
|  13|0x00000000c2100000, 0x00000000c2200000, 0x00000000c2200000|100%| O|  |TAMS 0x00000000c2200000, 0x00000000c2100000| Untracked 
|  14|0x00000000c2200000, 0x00000000c2300000, 0x00000000c2300000|100%| O|  |TAMS 0x00000000c2300000, 0x00000000c2200000| Untracked 
|  15|0x00000000c2300000, 0x00000000c2400000, 0x00000000c2400000|100%| O|  |TAMS 0x00000000c2400000, 0x00000000c2300000| Untracked 
|  16|0x00000000c2400000, 0x00000000c2500000, 0x00000000c2500000|100%| O|  |TAMS 0x00000000c2500000, 0x00000000c2400000| Updating 
|  17|0x00000000c2500000, 0x00000000c2600000, 0x00000000c2600000|100%| O|  |TAMS 0x00000000c2600000, 0x00000000c2500000| Updating 
|  18|0x00000000c2600000, 0x00000000c2700000, 0x00000000c2700000|100%|HS|  |TAMS 0x00000000c2700000, 0x00000000c2600000| Complete 
|  19|0x00000000c2700000, 0x00000000c2800000, 0x00000000c2800000|100%|HC|  |TAMS 0x00000000c2800000, 0x00000000c2700000| Complete 
|  20|0x00000000c2800000, 0x00000000c2900000, 0x00000000c2900000|100%| O|  |TAMS 0x00000000c2900000, 0x00000000c2800000| Untracked 
|  21|0x00000000c2900000, 0x00000000c2a00000, 0x00000000c2a00000|100%| O|  |TAMS 0x00000000c2a00000, 0x00000000c2900000| Updating 
|  22|0x00000000c2a00000, 0x00000000c2b00000, 0x00000000c2b00000|100%| O|  |TAMS 0x00000000c2b00000, 0x00000000c2a00000| Updating 
|  23|0x00000000c2b00000, 0x00000000c2c00000, 0x00000000c2c00000|100%| O|  |TAMS 0x00000000c2c00000, 0x00000000c2b00000| Untracked 
|  24|0x00000000c2c00000, 0x00000000c2d00000, 0x00000000c2d00000|100%| O|  |TAMS 0x00000000c2d00000, 0x00000000c2c00000| Untracked 
|  25|0x00000000c2d00000, 0x00000000c2e00000, 0x00000000c2e00000|100%| O|  |TAMS 0x00000000c2e00000, 0x00000000c2d00000| Updating 
|  26|0x00000000c2e00000, 0x00000000c2f00000, 0x00000000c2f00000|100%| O|  |TAMS 0x00000000c2f00000, 0x00000000c2e00000| Untracked 
|  27|0x00000000c2f00000, 0x00000000c3000000, 0x00000000c3000000|100%| O|  |TAMS 0x00000000c3000000, 0x00000000c2f00000| Updating 
|  28|0x00000000c3000000, 0x00000000c3100000, 0x00000000c3100000|100%| O|  |TAMS 0x00000000c3100000, 0x00000000c3000000| Untracked 
|  29|0x00000000c3100000, 0x00000000c3200000, 0x00000000c3200000|100%| O|  |TAMS 0x00000000c3200000, 0x00000000c3100000| Untracked 
|  30|0x00000000c3200000, 0x00000000c3300000, 0x00000000c3300000|100%| O|  |TAMS 0x00000000c3300000, 0x00000000c3200000| Updating 
|  31|0x00000000c3300000, 0x00000000c3400000, 0x00000000c3400000|100%| O|  |TAMS 0x00000000c3400000, 0x00000000c3300000| Untracked 
|  32|0x00000000c3400000, 0x00000000c3500000, 0x00000000c3500000|100%| O|  |TAMS 0x00000000c3500000, 0x00000000c3400000| Untracked 
|  33|0x00000000c3500000, 0x00000000c3600000, 0x00000000c3600000|100%| O|  |TAMS 0x00000000c3600000, 0x00000000c3500000| Updating 
|  34|0x00000000c3600000, 0x00000000c3700000, 0x00000000c3700000|100%| O|  |TAMS 0x00000000c3700000, 0x00000000c3600000| Untracked 
|  35|0x00000000c3700000, 0x00000000c3800000, 0x00000000c3800000|100%| O|  |TAMS 0x00000000c3800000, 0x00000000c3700000| Untracked 
|  36|0x00000000c3800000, 0x00000000c3900000, 0x00000000c3900000|100%| O|  |TAMS 0x00000000c3900000, 0x00000000c3800000| Untracked 
|  37|0x00000000c3900000, 0x00000000c3a00000, 0x00000000c3a00000|100%| O|  |TAMS 0x00000000c3a00000, 0x00000000c3900000| Updating 
|  38|0x00000000c3a00000, 0x00000000c3b00000, 0x00000000c3b00000|100%| O|  |TAMS 0x00000000c3b00000, 0x00000000c3a00000| Updating 
|  39|0x00000000c3b00000, 0x00000000c3c00000, 0x00000000c3c00000|100%| O|  |TAMS 0x00000000c3c00000, 0x00000000c3b00000| Untracked 
|  40|0x00000000c3c00000, 0x00000000c3d00000, 0x00000000c3d00000|100%| O|  |TAMS 0x00000000c3d00000, 0x00000000c3c00000| Updating 
|  41|0x00000000c3d00000, 0x00000000c3e00000, 0x00000000c3e00000|100%| O|  |TAMS 0x00000000c3e00000, 0x00000000c3d00000| Untracked 
|  42|0x00000000c3e00000, 0x00000000c3f00000, 0x00000000c3f00000|100%| O|  |TAMS 0x00000000c3f00000, 0x00000000c3e00000| Updating 
|  43|0x00000000c3f00000, 0x00000000c4000000, 0x00000000c4000000|100%| O|  |TAMS 0x00000000c4000000, 0x00000000c3f00000| Untracked 
|  44|0x00000000c4000000, 0x00000000c4100000, 0x00000000c4100000|100%| O|  |TAMS 0x00000000c4100000, 0x00000000c4000000| Updating 
|  45|0x00000000c4100000, 0x00000000c4200000, 0x00000000c4200000|100%| O|  |TAMS 0x00000000c4200000, 0x00000000c4100000| Untracked 
|  46|0x00000000c4200000, 0x00000000c4300000, 0x00000000c4300000|100%| O|  |TAMS 0x00000000c4300000, 0x00000000c4200000| Untracked 
|  47|0x00000000c4300000, 0x00000000c4400000, 0x00000000c4400000|100%| O|  |TAMS 0x00000000c4400000, 0x00000000c4300000| Updating 
|  48|0x00000000c4400000, 0x00000000c4500000, 0x00000000c4500000|100%| O|  |TAMS 0x00000000c4500000, 0x00000000c4400000| Untracked 
|  49|0x00000000c4500000, 0x00000000c4600000, 0x00000000c4600000|100%| O|  |TAMS 0x00000000c4600000, 0x00000000c4500000| Untracked 
|  50|0x00000000c4600000, 0x00000000c4700000, 0x00000000c4700000|100%| O|  |TAMS 0x00000000c4700000, 0x00000000c4600000| Updating 
|  51|0x00000000c4700000, 0x00000000c4800000, 0x00000000c4800000|100%| O|  |TAMS 0x00000000c4800000, 0x00000000c4700000| Untracked 
|  52|0x00000000c4800000, 0x00000000c4900000, 0x00000000c4900000|100%| O|  |TAMS 0x00000000c4900000, 0x00000000c4800000| Untracked 
|  53|0x00000000c4900000, 0x00000000c4a00000, 0x00000000c4a00000|100%| O|  |TAMS 0x00000000c4a00000, 0x00000000c4900000| Untracked 
|  54|0x00000000c4a00000, 0x00000000c4b00000, 0x00000000c4b00000|100%| O|  |TAMS 0x00000000c4b00000, 0x00000000c4a00000| Untracked 
|  55|0x00000000c4b00000, 0x00000000c4c00000, 0x00000000c4c00000|100%| O|  |TAMS 0x00000000c4c00000, 0x00000000c4b00000| Updating 
|  56|0x00000000c4c00000, 0x00000000c4d00000, 0x00000000c4d00000|100%| O|  |TAMS 0x00000000c4d00000, 0x00000000c4c00000| Untracked 
|  57|0x00000000c4d00000, 0x00000000c4e00000, 0x00000000c4e00000|100%| O|  |TAMS 0x00000000c4e00000, 0x00000000c4d00000| Updating 
|  58|0x00000000c4e00000, 0x00000000c4f00000, 0x00000000c4f00000|100%| O|  |TAMS 0x00000000c4f00000, 0x00000000c4e00000| Untracked 
|  59|0x00000000c4f00000, 0x00000000c5000000, 0x00000000c5000000|100%| O|  |TAMS 0x00000000c5000000, 0x00000000c4f00000| Untracked 
|  60|0x00000000c5000000, 0x00000000c5100000, 0x00000000c5100000|100%| O|  |TAMS 0x00000000c5100000, 0x00000000c5000000| Updating 
|  61|0x00000000c5100000, 0x00000000c5200000, 0x00000000c5200000|100%| O|  |TAMS 0x00000000c5200000, 0x00000000c5100000| Untracked 
|  62|0x00000000c5200000, 0x00000000c5300000, 0x00000000c5300000|100%| O|  |TAMS 0x00000000c5300000, 0x00000000c5200000| Updating 
|  63|0x00000000c5300000, 0x00000000c5400000, 0x00000000c5400000|100%| O|  |TAMS 0x00000000c5400000, 0x00000000c5300000| Updating 
|  64|0x00000000c5400000, 0x00000000c5500000, 0x00000000c5500000|100%| O|  |TAMS 0x00000000c5500000, 0x00000000c5400000| Untracked 
|  65|0x00000000c5500000, 0x00000000c5600000, 0x00000000c5600000|100%| O|  |TAMS 0x00000000c5600000, 0x00000000c5500000| Untracked 
|  66|0x00000000c5600000, 0x00000000c5700000, 0x00000000c5700000|100%| O|  |TAMS 0x00000000c5700000, 0x00000000c5600000| Updating 
|  67|0x00000000c5700000, 0x00000000c5800000, 0x00000000c5800000|100%| O|  |TAMS 0x00000000c5800000, 0x00000000c5700000| Untracked 
|  68|0x00000000c5800000, 0x00000000c5900000, 0x00000000c5900000|100%| O|  |TAMS 0x00000000c5900000, 0x00000000c5800000| Updating 
|  69|0x00000000c5900000, 0x00000000c5900000, 0x00000000c5a00000|  0%| F|  |TAMS 0x00000000c5900000, 0x00000000c5900000| Untracked 
|  70|0x00000000c5a00000, 0x00000000c5a00000, 0x00000000c5b00000|  0%| F|  |TAMS 0x00000000c5a00000, 0x00000000c5a00000| Untracked 
|  71|0x00000000c5b00000, 0x00000000c5c00000, 0x00000000c5c00000|100%| O|  |TAMS 0x00000000c5c00000, 0x00000000c5b00000| Updating 
|  72|0x00000000c5c00000, 0x00000000c5d00000, 0x00000000c5d00000|100%| O|  |TAMS 0x00000000c5d00000, 0x00000000c5c00000| Updating 
|  73|0x00000000c5d00000, 0x00000000c5e00000, 0x00000000c5e00000|100%| O|  |TAMS 0x00000000c5e00000, 0x00000000c5d00000| Updating 
|  74|0x00000000c5e00000, 0x00000000c5f00000, 0x00000000c5f00000|100%| O|  |TAMS 0x00000000c5f00000, 0x00000000c5e00000| Updating 
|  75|0x00000000c5f00000, 0x00000000c6000000, 0x00000000c6000000|100%| O|  |TAMS 0x00000000c6000000, 0x00000000c5f00000| Updating 
|  76|0x00000000c6000000, 0x00000000c6100000, 0x00000000c6100000|100%| O|  |TAMS 0x00000000c6100000, 0x00000000c6000000| Updating 
|  77|0x00000000c6100000, 0x00000000c6200000, 0x00000000c6200000|100%| O|  |TAMS 0x00000000c6200000, 0x00000000c6100000| Updating 
|  78|0x00000000c6200000, 0x00000000c6300000, 0x00000000c6300000|100%| O|  |TAMS 0x00000000c6300000, 0x00000000c6200000| Updating 
|  79|0x00000000c6300000, 0x00000000c6400000, 0x00000000c6400000|100%| O|  |TAMS 0x00000000c6400000, 0x00000000c6300000| Updating 
|  80|0x00000000c6400000, 0x00000000c6500000, 0x00000000c6500000|100%| O|  |TAMS 0x00000000c6500000, 0x00000000c6400000| Untracked 
|  81|0x00000000c6500000, 0x00000000c6600000, 0x00000000c6600000|100%| O|  |TAMS 0x00000000c6600000, 0x00000000c6500000| Updating 
|  82|0x00000000c6600000, 0x00000000c6700000, 0x00000000c6700000|100%| O|  |TAMS 0x00000000c6700000, 0x00000000c6600000| Updating 
|  83|0x00000000c6700000, 0x00000000c6800000, 0x00000000c6800000|100%| O|  |TAMS 0x00000000c6800000, 0x00000000c6700000| Updating 
|  84|0x00000000c6800000, 0x00000000c6900000, 0x00000000c6900000|100%| O|  |TAMS 0x00000000c6900000, 0x00000000c6800000| Updating 
|  85|0x00000000c6900000, 0x00000000c6a00000, 0x00000000c6a00000|100%| O|  |TAMS 0x00000000c6a00000, 0x00000000c6900000| Untracked 
|  86|0x00000000c6a00000, 0x00000000c6b00000, 0x00000000c6b00000|100%| O|  |TAMS 0x00000000c6b00000, 0x00000000c6a00000| Updating 
|  87|0x00000000c6b00000, 0x00000000c6c00000, 0x00000000c6c00000|100%| O|  |TAMS 0x00000000c6c00000, 0x00000000c6b00000| Updating 
|  88|0x00000000c6c00000, 0x00000000c6d00000, 0x00000000c6d00000|100%| O|  |TAMS 0x00000000c6d00000, 0x00000000c6c00000| Updating 
|  89|0x00000000c6d00000, 0x00000000c6e00000, 0x00000000c6e00000|100%| O|  |TAMS 0x00000000c6e00000, 0x00000000c6d00000| Updating 
|  90|0x00000000c6e00000, 0x00000000c6f00000, 0x00000000c6f00000|100%| O|  |TAMS 0x00000000c6f00000, 0x00000000c6e00000| Updating 
|  91|0x00000000c6f00000, 0x00000000c7000000, 0x00000000c7000000|100%| O|  |TAMS 0x00000000c7000000, 0x00000000c6f00000| Untracked 
|  92|0x00000000c7000000, 0x00000000c7100000, 0x00000000c7100000|100%| O|  |TAMS 0x00000000c7100000, 0x00000000c7000000| Untracked 
|  93|0x00000000c7100000, 0x00000000c7200000, 0x00000000c7200000|100%| O|  |TAMS 0x00000000c7200000, 0x00000000c7100000| Updating 
|  94|0x00000000c7200000, 0x00000000c7300000, 0x00000000c7300000|100%| O|  |TAMS 0x00000000c7300000, 0x00000000c7200000| Untracked 
|  95|0x00000000c7300000, 0x00000000c7400000, 0x00000000c7400000|100%| O|  |TAMS 0x00000000c7400000, 0x00000000c7300000| Untracked 
|  96|0x00000000c7400000, 0x00000000c7500000, 0x00000000c7500000|100%| O|  |TAMS 0x00000000c7500000, 0x00000000c7400000| Untracked 
|  97|0x00000000c7500000, 0x00000000c7600000, 0x00000000c7600000|100%| O|  |TAMS 0x00000000c7600000, 0x00000000c7500000| Updating 
|  98|0x00000000c7600000, 0x00000000c7700000, 0x00000000c7700000|100%| O|  |TAMS 0x00000000c7700000, 0x00000000c7600000| Untracked 
|  99|0x00000000c7700000, 0x00000000c7800000, 0x00000000c7800000|100%| O|  |TAMS 0x00000000c7800000, 0x00000000c7700000| Untracked 
| 100|0x00000000c7800000, 0x00000000c7900000, 0x00000000c7900000|100%| O|  |TAMS 0x00000000c7900000, 0x00000000c7800000| Untracked 
| 101|0x00000000c7900000, 0x00000000c7a00000, 0x00000000c7a00000|100%| O|  |TAMS 0x00000000c7a00000, 0x00000000c7900000| Updating 
| 102|0x00000000c7a00000, 0x00000000c7b00000, 0x00000000c7b00000|100%| O|  |TAMS 0x00000000c7b00000, 0x00000000c7a00000| Untracked 
| 103|0x00000000c7b00000, 0x00000000c7c00000, 0x00000000c7c00000|100%| O|  |TAMS 0x00000000c7c00000, 0x00000000c7b00000| Untracked 
| 104|0x00000000c7c00000, 0x00000000c7d00000, 0x00000000c7d00000|100%| O|  |TAMS 0x00000000c7d00000, 0x00000000c7c00000| Untracked 
| 105|0x00000000c7d00000, 0x00000000c7e00000, 0x00000000c7e00000|100%| O|  |TAMS 0x00000000c7e00000, 0x00000000c7d00000| Untracked 
| 106|0x00000000c7e00000, 0x00000000c7f00000, 0x00000000c7f00000|100%| O|  |TAMS 0x00000000c7f00000, 0x00000000c7e00000| Untracked 
| 107|0x00000000c7f00000, 0x00000000c8000000, 0x00000000c8000000|100%| O|  |TAMS 0x00000000c8000000, 0x00000000c7f00000| Updating 
| 108|0x00000000c8000000, 0x00000000c8100000, 0x00000000c8100000|100%| O|  |TAMS 0x00000000c8100000, 0x00000000c8000000| Updating 
| 109|0x00000000c8100000, 0x00000000c8200000, 0x00000000c8200000|100%| O|  |TAMS 0x00000000c8200000, 0x00000000c8100000| Updating 
| 110|0x00000000c8200000, 0x00000000c8300000, 0x00000000c8300000|100%| O|  |TAMS 0x00000000c8300000, 0x00000000c8200000| Updating 
| 111|0x00000000c8300000, 0x00000000c8400000, 0x00000000c8400000|100%| O|  |TAMS 0x00000000c8400000, 0x00000000c8300000| Updating 
| 112|0x00000000c8400000, 0x00000000c8500000, 0x00000000c8500000|100%| O|  |TAMS 0x00000000c8500000, 0x00000000c8400000| Updating 
| 113|0x00000000c8500000, 0x00000000c8600000, 0x00000000c8600000|100%| O|  |TAMS 0x00000000c8600000, 0x00000000c8500000| Untracked 
| 114|0x00000000c8600000, 0x00000000c8700000, 0x00000000c8700000|100%| O|  |TAMS 0x00000000c8700000, 0x00000000c8600000| Untracked 
| 115|0x00000000c8700000, 0x00000000c8800000, 0x00000000c8800000|100%| O|  |TAMS 0x00000000c8800000, 0x00000000c8700000| Untracked 
| 116|0x00000000c8800000, 0x00000000c8900000, 0x00000000c8900000|100%| O|  |TAMS 0x00000000c8900000, 0x00000000c8800000| Untracked 
| 117|0x00000000c8900000, 0x00000000c8a00000, 0x00000000c8a00000|100%| O|  |TAMS 0x00000000c8a00000, 0x00000000c8900000| Updating 
| 118|0x00000000c8a00000, 0x00000000c8b00000, 0x00000000c8b00000|100%| O|  |TAMS 0x00000000c8b00000, 0x00000000c8a00000| Untracked 
| 119|0x00000000c8b00000, 0x00000000c8c00000, 0x00000000c8c00000|100%| O|  |TAMS 0x00000000c8c00000, 0x00000000c8b00000| Untracked 
| 120|0x00000000c8c00000, 0x00000000c8d00000, 0x00000000c8d00000|100%| O|  |TAMS 0x00000000c8d00000, 0x00000000c8c00000| Untracked 
| 121|0x00000000c8d00000, 0x00000000c8e00000, 0x00000000c8e00000|100%| O|  |TAMS 0x00000000c8e00000, 0x00000000c8d00000| Untracked 
| 122|0x00000000c8e00000, 0x00000000c8f00000, 0x00000000c8f00000|100%| O|  |TAMS 0x00000000c8e4c400, 0x00000000c8e00000| Untracked 
| 123|0x00000000c8f00000, 0x00000000c8f31e00, 0x00000000c9000000| 19%| O|  |TAMS 0x00000000c8f00000, 0x00000000c8f00000| Updating 
| 124|0x00000000c9000000, 0x00000000c9000000, 0x00000000c9100000|  0%| F|  |TAMS 0x00000000c9000000, 0x00000000c9000000| Untracked 
| 125|0x00000000c9100000, 0x00000000c9100000, 0x00000000c9200000|  0%| F|  |TAMS 0x00000000c9100000, 0x00000000c9100000| Untracked 
| 126|0x00000000c9200000, 0x00000000c9200000, 0x00000000c9300000|  0%| F|  |TAMS 0x00000000c9200000, 0x00000000c9200000| Untracked 
| 127|0x00000000c9300000, 0x00000000c9300000, 0x00000000c9400000|  0%| F|  |TAMS 0x00000000c9300000, 0x00000000c9300000| Untracked 
| 128|0x00000000c9400000, 0x00000000c9400000, 0x00000000c9500000|  0%| F|  |TAMS 0x00000000c9400000, 0x00000000c9400000| Untracked 
| 129|0x00000000c9500000, 0x00000000c9500000, 0x00000000c9600000|  0%| F|  |TAMS 0x00000000c9500000, 0x00000000c9500000| Untracked 
| 130|0x00000000c9600000, 0x00000000c9600000, 0x00000000c9700000|  0%| F|  |TAMS 0x00000000c9600000, 0x00000000c9600000| Untracked 
| 131|0x00000000c9700000, 0x00000000c9700000, 0x00000000c9800000|  0%| F|  |TAMS 0x00000000c9700000, 0x00000000c9700000| Untracked 
| 132|0x00000000c9800000, 0x00000000c9800000, 0x00000000c9900000|  0%| F|  |TAMS 0x00000000c9800000, 0x00000000c9800000| Untracked 
| 133|0x00000000c9900000, 0x00000000c9900000, 0x00000000c9a00000|  0%| F|  |TAMS 0x00000000c9900000, 0x00000000c9900000| Untracked 
| 134|0x00000000c9a00000, 0x00000000c9a00000, 0x00000000c9b00000|  0%| F|  |TAMS 0x00000000c9a00000, 0x00000000c9a00000| Untracked 
| 135|0x00000000c9b00000, 0x00000000c9b00000, 0x00000000c9c00000|  0%| F|  |TAMS 0x00000000c9b00000, 0x00000000c9b00000| Untracked 
| 136|0x00000000c9c00000, 0x00000000c9c00000, 0x00000000c9d00000|  0%| F|  |TAMS 0x00000000c9c00000, 0x00000000c9c00000| Untracked 
| 137|0x00000000c9d00000, 0x00000000c9d00000, 0x00000000c9e00000|  0%| F|  |TAMS 0x00000000c9d00000, 0x00000000c9d00000| Untracked 
| 138|0x00000000c9e00000, 0x00000000c9e00000, 0x00000000c9f00000|  0%| F|  |TAMS 0x00000000c9e00000, 0x00000000c9e00000| Untracked 
| 139|0x00000000c9f00000, 0x00000000c9f00000, 0x00000000ca000000|  0%| F|  |TAMS 0x00000000c9f00000, 0x00000000c9f00000| Untracked 
| 140|0x00000000ca000000, 0x00000000ca000000, 0x00000000ca100000|  0%| F|  |TAMS 0x00000000ca000000, 0x00000000ca000000| Untracked 
| 141|0x00000000ca100000, 0x00000000ca100000, 0x00000000ca200000|  0%| F|  |TAMS 0x00000000ca100000, 0x00000000ca100000| Untracked 
| 142|0x00000000ca200000, 0x00000000ca200000, 0x00000000ca300000|  0%| F|  |TAMS 0x00000000ca200000, 0x00000000ca200000| Untracked 
| 143|0x00000000ca300000, 0x00000000ca300000, 0x00000000ca400000|  0%| F|  |TAMS 0x00000000ca300000, 0x00000000ca300000| Untracked 
| 144|0x00000000ca400000, 0x00000000ca400000, 0x00000000ca500000|  0%| F|  |TAMS 0x00000000ca400000, 0x00000000ca400000| Untracked 
| 145|0x00000000ca500000, 0x00000000ca51a400, 0x00000000ca600000| 10%| S|CS|TAMS 0x00000000ca500000, 0x00000000ca500000| Complete 
| 146|0x00000000ca600000, 0x00000000ca600000, 0x00000000ca700000|  0%| F|  |TAMS 0x00000000ca600000, 0x00000000ca600000| Untracked 
| 147|0x00000000ca700000, 0x00000000ca800000, 0x00000000ca800000|100%| S|CS|TAMS 0x00000000ca700000, 0x00000000ca700000| Complete 
| 148|0x00000000ca800000, 0x00000000ca900000, 0x00000000ca900000|100%| S|CS|TAMS 0x00000000ca800000, 0x00000000ca800000| Complete 
| 149|0x00000000ca900000, 0x00000000ca900000, 0x00000000caa00000|  0%| F|  |TAMS 0x00000000ca900000, 0x00000000ca900000| Untracked 
| 150|0x00000000caa00000, 0x00000000caa00000, 0x00000000cab00000|  0%| F|  |TAMS 0x00000000caa00000, 0x00000000caa00000| Untracked 
| 151|0x00000000cab00000, 0x00000000cab00000, 0x00000000cac00000|  0%| F|  |TAMS 0x00000000cab00000, 0x00000000cab00000| Untracked 
| 152|0x00000000cac00000, 0x00000000cac00000, 0x00000000cad00000|  0%| F|  |TAMS 0x00000000cac00000, 0x00000000cac00000| Untracked 
| 153|0x00000000cad00000, 0x00000000cad00000, 0x00000000cae00000|  0%| F|  |TAMS 0x00000000cad00000, 0x00000000cad00000| Untracked 
| 154|0x00000000cae00000, 0x00000000cae00000, 0x00000000caf00000|  0%| F|  |TAMS 0x00000000cae00000, 0x00000000cae00000| Untracked 
| 155|0x00000000caf00000, 0x00000000caf00000, 0x00000000cb000000|  0%| F|  |TAMS 0x00000000caf00000, 0x00000000caf00000| Untracked 
| 156|0x00000000cb000000, 0x00000000cb000000, 0x00000000cb100000|  0%| F|  |TAMS 0x00000000cb000000, 0x00000000cb000000| Untracked 
| 157|0x00000000cb100000, 0x00000000cb100000, 0x00000000cb200000|  0%| F|  |TAMS 0x00000000cb100000, 0x00000000cb100000| Untracked 
| 158|0x00000000cb200000, 0x00000000cb200000, 0x00000000cb300000|  0%| F|  |TAMS 0x00000000cb200000, 0x00000000cb200000| Untracked 
| 159|0x00000000cb300000, 0x00000000cb300000, 0x00000000cb400000|  0%| F|  |TAMS 0x00000000cb300000, 0x00000000cb300000| Untracked 
| 160|0x00000000cb400000, 0x00000000cb46a9b8, 0x00000000cb500000| 41%| E|  |TAMS 0x00000000cb400000, 0x00000000cb400000| Complete 
| 161|0x00000000cb500000, 0x00000000cb600000, 0x00000000cb600000|100%| E|CS|TAMS 0x00000000cb500000, 0x00000000cb500000| Complete 
| 162|0x00000000cb600000, 0x00000000cb700000, 0x00000000cb700000|100%| E|CS|TAMS 0x00000000cb600000, 0x00000000cb600000| Complete 
| 163|0x00000000cb700000, 0x00000000cb800000, 0x00000000cb800000|100%| E|CS|TAMS 0x00000000cb700000, 0x00000000cb700000| Complete 
| 164|0x00000000cb800000, 0x00000000cb900000, 0x00000000cb900000|100%| E|CS|TAMS 0x00000000cb800000, 0x00000000cb800000| Complete 
| 165|0x00000000cb900000, 0x00000000cba00000, 0x00000000cba00000|100%| E|CS|TAMS 0x00000000cb900000, 0x00000000cb900000| Complete 
| 166|0x00000000cba00000, 0x00000000cbb00000, 0x00000000cbb00000|100%| E|CS|TAMS 0x00000000cba00000, 0x00000000cba00000| Complete 
| 167|0x00000000cbb00000, 0x00000000cbc00000, 0x00000000cbc00000|100%| E|CS|TAMS 0x00000000cbb00000, 0x00000000cbb00000| Complete 
| 168|0x00000000cbc00000, 0x00000000cbd00000, 0x00000000cbd00000|100%| E|CS|TAMS 0x00000000cbc00000, 0x00000000cbc00000| Complete 

Card table byte_map: [0x00000230a3cc0000,0x00000230a3ec0000] _byte_map_base: 0x00000230a36b6000

Marking Bits (Prev, Next): (CMBitMap*) 0x000002308d236bf0, (CMBitMap*) 0x000002308d236c30
 Prev Bits: [0x00000230a40c0000, 0x00000230a5070000)
 Next Bits: [0x00000230a5070000, 0x00000230a6020000)

Polling page: 0x000002308c9d0000

Metaspace:

Usage:
  Non-class:     69.91 MB used.
      Class:      8.09 MB used.
       Both:     78.01 MB used.

Virtual space:
  Non-class space:      128.00 MB reserved,      70.06 MB ( 55%) committed,  2 nodes.
      Class space:        1.00 GB reserved,       8.25 MB ( <1%) committed,  1 nodes.
             Both:        1.12 GB reserved,      78.31 MB (  7%) committed. 

Chunk freelists:
   Non-Class:  9.03 MB
       Class:  7.78 MB
        Both:  16.81 MB

MaxMetaspaceSize: unlimited
CompressedClassSpaceSize: 1.00 GB
Initial GC threshold: 21.00 MB
Current GC threshold: 78.44 MB
CDS: on
MetaspaceReclaimPolicy: balanced
 - commit_granule_bytes: 65536.
 - commit_granule_words: 8192.
 - virtual_space_node_default_size: 8388608.
 - enlarge_chunks_in_place: 1.
 - new_chunks_are_fully_committed: 0.
 - uncommit_free_chunks: 1.
 - use_allocation_guard: 0.
 - handle_deallocations: 1.


Internal statistics:

num_allocs_failed_limit: 12.
num_arena_births: 360.
num_arena_deaths: 0.
num_vsnodes_births: 3.
num_vsnodes_deaths: 0.
num_space_committed: 1251.
num_space_uncommitted: 0.
num_chunks_returned_to_freelist: 12.
num_chunks_taken_from_freelist: 3229.
num_chunk_merges: 12.
num_chunk_splits: 2646.
num_chunks_enlarged: 2347.
num_inconsistent_stats: 0.

CodeHeap 'non-profiled nmethods': size=120000Kb used=12553Kb max_used=12964Kb free=107446Kb
 bounds [0x000002309c590000, 0x000002309d240000, 0x00000230a3ac0000]
CodeHeap 'profiled nmethods': size=120000Kb used=47882Kb max_used=49072Kb free=72117Kb
 bounds [0x0000023094ac0000, 0x0000023097ae0000, 0x000002309bff0000]
CodeHeap 'non-nmethods': size=5760Kb used=1420Kb max_used=1480Kb free=4339Kb
 bounds [0x000002309bff0000, 0x000002309c260000, 0x000002309c590000]
 total_blobs=16341 nmethods=15595 adapters=653
 compilation: enabled
              stopped_count=0, restarted_count=0
 full_count=0

Compilation events (20 events):
Event: 549.681 Thread 0x00000230a84715a0 nmethod 20371 0x00000230950f0910 code [0x00000230950f0ae0, 0x00000230950f0ed8]
Event: 549.681 Thread 0x00000230a84715a0 20372       3       org.jetbrains.org.objectweb.asm.tree.analysis.SmallSet$IteratorImpl::next (35 bytes)
Event: 549.682 Thread 0x00000230a84715a0 nmethod 20372 0x0000023094b19710 code [0x0000023094b198c0, 0x0000023094b19b68]
Event: 549.684 Thread 0x00000230a84715a0 20373       3       org.jetbrains.kotlin.codegen.signature.JvmSignatureWriter::writeClassBegin (6 bytes)
Event: 549.684 Thread 0x00000230a84715a0 nmethod 20373 0x0000023096e8e710 code [0x0000023096e8e8a0, 0x0000023096e8e9e8]
Event: 549.684 Thread 0x00000230a84715a0 20374       3       org.jetbrains.kotlin.codegen.signature.JvmSignatureWriter::writeClassEnd (1 bytes)
Event: 549.684 Thread 0x00000230a84715a0 nmethod 20374 0x0000023096f61a90 code [0x0000023096f61c20, 0x0000023096f61d38]
Event: 549.700 Thread 0x00000230a84715a0 20375       3       org.jetbrains.org.objectweb.asm.SymbolTable$Entry::<init> (17 bytes)
Event: 549.700 Thread 0x00000230a846e3f0 nmethod 20353 0x000002309d117210 code [0x000002309d1174a0, 0x000002309d118c20]
Event: 549.700 Thread 0x00000230a846e3f0 20354       4       org.jetbrains.kotlin.ir.descriptors.IrBasedDeclarationDescriptor::<init> (34 bytes)
Event: 549.736 Thread 0x00000230a84715a0 nmethod 20375 0x0000023094bdbc90 code [0x0000023094bdbe40, 0x0000023094bdbfc8]
Event: 549.737 Thread 0x00000230a84715a0 20376       3       org.jetbrains.kotlin.codegen.optimization.common.InsnSequence::iterator (12 bytes)
Event: 549.737 Thread 0x00000230a84715a0 nmethod 20376 0x0000023094ce7910 code [0x0000023094ce7ac0, 0x0000023094ce7db8]
Event: 549.737 Thread 0x00000230a84715a0 20377       3       org.jetbrains.kotlin.codegen.optimization.common.InsnSequence$iterator$1::<init> (18 bytes)
Event: 549.737 Thread 0x00000230a84715a0 nmethod 20377 0x0000023094ce8610 code [0x0000023094ce87c0, 0x0000023094ce89f8]
Event: 549.738 Thread 0x00000230a84715a0 20378       2       org.jetbrains.kotlin.load.kotlin.MethodSignatureMappingKt::computeJvmDescriptor (220 bytes)
Event: 549.749 Thread 0x00000230a846e3f0 nmethod 20354 0x000002309d116a90 code [0x000002309d116c20, 0x000002309d117078]
Event: 549.750 Thread 0x00000230a846e3f0 20361       4       org.jetbrains.kotlin.codegen.signature.JvmSignatureWriter::writeReturnTypeEnd (16 bytes)
Event: 549.776 Thread 0x00000230a846e3f0 nmethod 20361 0x000002309c854c10 code [0x000002309c854d80, 0x000002309c854f58]
Event: 549.880 Thread 0x00000230a84715a0 nmethod 20378 0x0000023094ee2410 code [0x0000023094ee2800, 0x0000023094ee3478]

GC Heap History (20 events):
Event: 499.713 GC heap before
{Heap before GC invocations=70 (full 0):
 garbage-first heap   total 173056K, used 143049K [0x00000000c1400000, 0x0000000100000000)
  region size 1024K, 28 young (28672K), 4 survivors (4096K)
 Metaspace       used 73760K, committed 74112K, reserved 1179648K
  class space    used 7821K, committed 8000K, reserved 1048576K
}
Event: 499.736 GC heap after
{Heap after GC invocations=71 (full 0):
 garbage-first heap   total 173056K, used 121083K [0x00000000c1400000, 0x0000000100000000)
  region size 1024K, 4 young (4096K), 4 survivors (4096K)
 Metaspace       used 73760K, committed 74112K, reserved 1179648K
  class space    used 7821K, committed 8000K, reserved 1048576K
}
Event: 507.583 GC heap before
{Heap before GC invocations=71 (full 0):
 garbage-first heap   total 173056K, used 144635K [0x00000000c1400000, 0x0000000100000000)
  region size 1024K, 27 young (27648K), 4 survivors (4096K)
 Metaspace       used 74178K, committed 74496K, reserved 1179648K
  class space    used 7842K, committed 8000K, reserved 1048576K
}
Event: 507.631 GC heap after
{Heap after GC invocations=72 (full 0):
 garbage-first heap   total 173056K, used 122194K [0x00000000c1400000, 0x0000000100000000)
  region size 1024K, 2 young (2048K), 2 survivors (2048K)
 Metaspace       used 74178K, committed 74496K, reserved 1179648K
  class space    used 7842K, committed 8000K, reserved 1048576K
}
Event: 511.133 GC heap before
{Heap before GC invocations=72 (full 0):
 garbage-first heap   total 173056K, used 145746K [0x00000000c1400000, 0x0000000100000000)
  region size 1024K, 25 young (25600K), 2 survivors (2048K)
 Metaspace       used 74786K, committed 75136K, reserved 1179648K
  class space    used 7882K, committed 8064K, reserved 1048576K
}
Event: 511.147 GC heap after
{Heap after GC invocations=73 (full 0):
 garbage-first heap   total 173056K, used 122530K [0x00000000c1400000, 0x0000000100000000)
  region size 1024K, 2 young (2048K), 2 survivors (2048K)
 Metaspace       used 74786K, committed 75136K, reserved 1179648K
  class space    used 7882K, committed 8064K, reserved 1048576K
}
Event: 514.080 GC heap before
{Heap before GC invocations=73 (full 0):
 garbage-first heap   total 173056K, used 148130K [0x00000000c1400000, 0x0000000100000000)
  region size 1024K, 27 young (27648K), 2 survivors (2048K)
 Metaspace       used 75015K, committed 75328K, reserved 1179648K
  class space    used 7891K, committed 8064K, reserved 1048576K
}
Event: 514.101 GC heap after
{Heap after GC invocations=74 (full 0):
 garbage-first heap   total 173056K, used 123465K [0x00000000c1400000, 0x0000000100000000)
  region size 1024K, 3 young (3072K), 3 survivors (3072K)
 Metaspace       used 75015K, committed 75328K, reserved 1179648K
  class space    used 7891K, committed 8064K, reserved 1048576K
}
Event: 517.427 GC heap before
{Heap before GC invocations=74 (full 0):
 garbage-first heap   total 173056K, used 148041K [0x00000000c1400000, 0x0000000100000000)
  region size 1024K, 27 young (27648K), 3 survivors (3072K)
 Metaspace       used 75285K, committed 75584K, reserved 1179648K
  class space    used 7910K, committed 8064K, reserved 1048576K
}
Event: 517.460 GC heap after
{Heap after GC invocations=75 (full 0):
 garbage-first heap   total 173056K, used 124922K [0x00000000c1400000, 0x0000000100000000)
  region size 1024K, 3 young (3072K), 3 survivors (3072K)
 Metaspace       used 75285K, committed 75584K, reserved 1179648K
  class space    used 7910K, committed 8064K, reserved 1048576K
}
Event: 519.123 GC heap before
{Heap before GC invocations=75 (full 0):
 garbage-first heap   total 173056K, used 148474K [0x00000000c1400000, 0x0000000100000000)
  region size 1024K, 26 young (26624K), 3 survivors (3072K)
 Metaspace       used 75353K, committed 75648K, reserved 1179648K
  class space    used 7912K, committed 8064K, reserved 1048576K
}
Event: 519.144 GC heap after
{Heap after GC invocations=76 (full 0):
 garbage-first heap   total 173056K, used 125338K [0x00000000c1400000, 0x0000000100000000)
  region size 1024K, 2 young (2048K), 2 survivors (2048K)
 Metaspace       used 75353K, committed 75648K, reserved 1179648K
  class space    used 7912K, committed 8064K, reserved 1048576K
}
Event: 521.998 GC heap before
{Heap before GC invocations=76 (full 0):
 garbage-first heap   total 173056K, used 149914K [0x00000000c1400000, 0x0000000100000000)
  region size 1024K, 26 young (26624K), 2 survivors (2048K)
 Metaspace       used 75442K, committed 75776K, reserved 1179648K
  class space    used 7912K, committed 8064K, reserved 1048576K
}
Event: 522.012 GC heap after
{Heap after GC invocations=77 (full 0):
 garbage-first heap   total 173056K, used 126285K [0x00000000c1400000, 0x0000000100000000)
  region size 1024K, 3 young (3072K), 3 survivors (3072K)
 Metaspace       used 75442K, committed 75776K, reserved 1179648K
  class space    used 7912K, committed 8064K, reserved 1048576K
}
Event: 523.747 GC heap before
{Heap before GC invocations=77 (full 0):
 garbage-first heap   total 173056K, used 149837K [0x00000000c1400000, 0x0000000100000000)
  region size 1024K, 26 young (26624K), 3 survivors (3072K)
 Metaspace       used 75576K, committed 75904K, reserved 1179648K
  class space    used 7918K, committed 8064K, reserved 1048576K
}
Event: 523.771 GC heap after
{Heap after GC invocations=78 (full 0):
 garbage-first heap   total 173056K, used 127130K [0x00000000c1400000, 0x0000000100000000)
  region size 1024K, 3 young (3072K), 3 survivors (3072K)
 Metaspace       used 75576K, committed 75904K, reserved 1179648K
  class space    used 7918K, committed 8064K, reserved 1048576K
}
Event: 527.393 GC heap before
{Heap before GC invocations=78 (full 0):
 garbage-first heap   total 173056K, used 148634K [0x00000000c1400000, 0x0000000100000000)
  region size 1024K, 25 young (25600K), 3 survivors (3072K)
 Metaspace       used 75813K, committed 76096K, reserved 1179648K
  class space    used 7933K, committed 8064K, reserved 1048576K
}
Event: 527.409 GC heap after
{Heap after GC invocations=79 (full 0):
 garbage-first heap   total 173056K, used 127598K [0x00000000c1400000, 0x0000000100000000)
  region size 1024K, 3 young (3072K), 3 survivors (3072K)
 Metaspace       used 75813K, committed 76096K, reserved 1179648K
  class space    used 7933K, committed 8064K, reserved 1048576K
}
Event: 545.067 GC heap before
{Heap before GC invocations=79 (full 0):
 garbage-first heap   total 173056K, used 147054K [0x00000000c1400000, 0x0000000100000000)
  region size 1024K, 23 young (23552K), 3 survivors (3072K)
 Metaspace       used 79424K, committed 79680K, reserved 1179648K
  class space    used 8253K, committed 8384K, reserved 1048576K
}
Event: 545.123 GC heap after
{Heap after GC invocations=80 (full 0):
 garbage-first heap   total 173056K, used 128304K [0x00000000c1400000, 0x0000000100000000)
  region size 1024K, 3 young (3072K), 3 survivors (3072K)
 Metaspace       used 79424K, committed 79680K, reserved 1179648K
  class space    used 8253K, committed 8384K, reserved 1048576K
}

Deoptimization events (20 events):
Event: 547.306 Thread 0x000002308d1fb740 Uncommon trap: trap_request=0xffffffde fr.pc=0x000002309d021c18 relative=0x00000000000000f8
Event: 547.306 Thread 0x000002308d1fb740 Uncommon trap: reason=class_check action=maybe_recompile pc=0x000002309d021c18 method=org.jetbrains.kotlin.resolve.descriptorUtil.DescriptorUtilsKt.getPropertyIfAccessor(Lorg/jetbrains/kotlin/descriptors/CallableMemberDescriptor;)Lorg/jetbrains/kotlin/des
Event: 547.307 Thread 0x000002308d1fb740 DEOPT PACKING pc=0x000002309d021c18 sp=0x000000d335efd3a0
Event: 547.307 Thread 0x000002308d1fb740 DEOPT UNPACKING pc=0x000002309c0423a3 sp=0x000000d335efd338 mode 2
Event: 549.644 Thread 0x000002308d1fb740 Uncommon trap: trap_request=0xffffff66 fr.pc=0x000002309c9c5e7c relative=0x00000000000039bc
Event: 549.644 Thread 0x000002308d1fb740 Uncommon trap: reason=speculate_class_check action=maybe_recompile pc=0x000002309c9c5e7c method=org.jetbrains.kotlin.ir.util.IrUtilsKt.isTopLevel(Lorg/jetbrains/kotlin/ir/declarations/IrDeclaration;)Z @ 8 c2
Event: 549.644 Thread 0x000002308d1fb740 DEOPT PACKING pc=0x000002309c9c5e7c sp=0x000000d335efd340
Event: 549.644 Thread 0x000002308d1fb740 DEOPT UNPACKING pc=0x000002309c0423a3 sp=0x000000d335efd210 mode 2
Event: 549.644 Thread 0x000002308d1fb740 Uncommon trap: trap_request=0xffffff66 fr.pc=0x000002309c9c5e7c relative=0x00000000000039bc
Event: 549.644 Thread 0x000002308d1fb740 Uncommon trap: reason=speculate_class_check action=maybe_recompile pc=0x000002309c9c5e7c method=org.jetbrains.kotlin.ir.util.IrUtilsKt.isTopLevel(Lorg/jetbrains/kotlin/ir/declarations/IrDeclaration;)Z @ 8 c2
Event: 549.644 Thread 0x000002308d1fb740 DEOPT PACKING pc=0x000002309c9c5e7c sp=0x000000d335efd6b0
Event: 549.645 Thread 0x000002308d1fb740 DEOPT UNPACKING pc=0x000002309c0423a3 sp=0x000000d335efd598 mode 2
Event: 549.645 Thread 0x000002308d1fb740 Uncommon trap: trap_request=0xffffff66 fr.pc=0x000002309c9c5e7c relative=0x00000000000039bc
Event: 549.645 Thread 0x000002308d1fb740 Uncommon trap: reason=speculate_class_check action=maybe_recompile pc=0x000002309c9c5e7c method=org.jetbrains.kotlin.ir.util.IrUtilsKt.isTopLevel(Lorg/jetbrains/kotlin/ir/declarations/IrDeclaration;)Z @ 8 c2
Event: 549.645 Thread 0x000002308d1fb740 DEOPT PACKING pc=0x000002309c9c5e7c sp=0x000000d335efd6b0
Event: 549.645 Thread 0x000002308d1fb740 DEOPT UNPACKING pc=0x000002309c0423a3 sp=0x000000d335efd598 mode 2
Event: 549.701 Thread 0x000002308d1fb740 Uncommon trap: trap_request=0xffffff66 fr.pc=0x000002309c9c5e7c relative=0x00000000000039bc
Event: 549.701 Thread 0x000002308d1fb740 Uncommon trap: reason=speculate_class_check action=maybe_recompile pc=0x000002309c9c5e7c method=org.jetbrains.kotlin.ir.util.IrUtilsKt.isTopLevel(Lorg/jetbrains/kotlin/ir/declarations/IrDeclaration;)Z @ 8 c2
Event: 549.701 Thread 0x000002308d1fb740 DEOPT PACKING pc=0x000002309c9c5e7c sp=0x000000d335efd810
Event: 549.701 Thread 0x000002308d1fb740 DEOPT UNPACKING pc=0x000002309c0423a3 sp=0x000000d335efd6e0 mode 2

Classes unloaded (0 events):
No events

Classes redefined (0 events):
No events

Internal exceptions (20 events):
Event: 197.958 Thread 0x000002308d1fb740 Exception <a 'java/lang/IncompatibleClassChangeError'{0x00000000c6c426a0}: Found class java.lang.Object, but interface was expected> (0x00000000c6c426a0) 
thrown [s\open\src\hotspot\share\interpreter\linkResolver.cpp, line 826]
Event: 200.012 Thread 0x000002308d1fb740 Implicit null exception at 0x000002309cb5523c to 0x000002309cb566de
Event: 202.698 Thread 0x000002308d1fb740 Implicit null exception at 0x000002309c9fa893 to 0x000002309c9fd7e3
Event: 214.455 Thread 0x000002308d1fb740 Implicit null exception at 0x000002309cb29e84 to 0x000002309cb2a434
Event: 214.456 Thread 0x000002308d1fb740 Implicit null exception at 0x000002309cae3181 to 0x000002309cae3308
Event: 248.598 Thread 0x000002308d1fb740 Implicit null exception at 0x000002309c72a458 to 0x000002309c72a4ee
Event: 373.427 Thread 0x000002308d1fb740 Implicit null exception at 0x000002309c80186a to 0x000002309c801a18
Event: 373.961 Thread 0x000002308d1fb740 Implicit null exception at 0x000002309ccb5936 to 0x000002309ccb61f8
Event: 396.065 Thread 0x000002308d1fb740 Implicit null exception at 0x000002309ceae6b3 to 0x000002309ceae81c
Event: 397.919 Thread 0x000002308d1fb740 Exception <a 'java/lang/NoSuchMethodError'{0x00000000cb9f3520}: 'java.lang.Object java.lang.invoke.DirectMethodHandle$Holder.invokeStaticInit(java.lang.Object, java.lang.Object, java.lang.Object, java.lang.Object)'> (0x00000000cb9f3520) 
thrown [s\open\src\hotspot\share\interpreter\linkResolver.cpp, line 759]
Event: 402.884 Thread 0x000002308d1fb740 Implicit null exception at 0x000002309cc7c113 to 0x000002309cc7c264
Event: 406.550 Thread 0x000002308d1fb740 Exception <a 'java/lang/NoSuchMethodError'{0x00000000ca96e590}: 'java.lang.Object java.lang.invoke.DirectMethodHandle$Holder.newInvokeSpecial(java.lang.Object, java.lang.Object, java.lang.Object, int, int)'> (0x00000000ca96e590) 
thrown [s\open\src\hotspot\share\interpreter\linkResolver.cpp, line 759]
Event: 406.587 Thread 0x000002308d1fb740 Exception <a 'java/lang/NoSuchMethodError'{0x00000000ca9723d0}: 'java.lang.Object java.lang.invoke.DirectMethodHandle$Holder.invokeSpecial(java.lang.Object, java.lang.Object, java.lang.Object, java.lang.Object, int, int)'> (0x00000000ca9723d0) 
thrown [s\open\src\hotspot\share\interpreter\linkResolver.cpp, line 759]
Event: 413.058 Thread 0x000002308d1fb740 Exception <a 'java/lang/NoSuchMethodError'{0x00000000c9e09698}: 'java.lang.Object java.lang.invoke.DirectMethodHandle$Holder.invokeSpecial(java.lang.Object, java.lang.Object, int, int, java.lang.Object, java.lang.Object, java.lang.Object, java.lang.Object, java.lang.Object)'> (0x00000000c9e09698) 
thrown [s\open\src\hotspot\share\interpreter\linkResolver.cpp, line 759]
Event: 420.360 Thread 0x000002308d1fb740 Implicit null exception at 0x000002309c7dfbf0 to 0x000002309c7dfe24
Event: 424.153 Thread 0x000002308d1fb740 Exception <a 'java/lang/NoSuchMethodError'{0x00000000c9130a50}: 'java.lang.Object java.lang.invoke.DirectMethodHandle$Holder.invokeStatic(java.lang.Object, java.lang.Object, java.lang.Object, int, int, java.lang.Object, java.lang.Object, java.lang.Object, java.lang.Object)'> (0x00000000c9130a50) 
thrown [s\open\src\hotspot\share\interpreter\linkResolver.cpp, line 759]
Event: 424.156 Thread 0x000002308d1fb740 Exception <a 'java/lang/NoSuchMethodError'{0x00000000c913ad18}: 'java.lang.Object java.lang.invoke.DirectMethodHandle$Holder.newInvokeSpecial(java.lang.Object, java.lang.Object, java.lang.Object, int, int, java.lang.Object)'> (0x00000000c913ad18) 
thrown [s\open\src\hotspot\share\interpreter\linkResolver.cpp, line 759]
Event: 424.265 Thread 0x000002308d1fb740 Exception <a 'java/lang/NoSuchMethodError'{0x00000000c91426b8}: 'java.lang.Object java.lang.invoke.Invokers$Holder.linkToTargetMethod(java.lang.Object, java.lang.Object, int, int, java.lang.Object, java.lang.Object)'> (0x00000000c91426b8) 
thrown [s\open\src\hotspot\share\interpreter\linkResolver.cpp, line 759]
Event: 477.981 Thread 0x000002308d1fb740 Implicit null exception at 0x000002309cde7013 to 0x000002309cde7880
Event: 529.711 Thread 0x000002308d1fb740 Implicit null exception at 0x000002309d0daf52 to 0x000002309d0dafe1

VM Operations (20 events):
Event: 542.192 Executing VM operation: HandshakeAllThreads done
Event: 543.207 Executing VM operation: Cleanup
Event: 543.224 Executing VM operation: Cleanup done
Event: 544.225 Executing VM operation: Cleanup
Event: 544.241 Executing VM operation: Cleanup done
Event: 545.067 Executing VM operation: CollectForMetadataAllocation
Event: 545.124 Executing VM operation: CollectForMetadataAllocation done
Event: 545.314 Executing VM operation: HandshakeAllThreads
Event: 545.315 Executing VM operation: HandshakeAllThreads done
Event: 545.619 Executing VM operation: CollectForMetadataAllocation
Event: 545.619 Executing VM operation: CollectForMetadataAllocation done
Event: 546.624 Executing VM operation: Cleanup
Event: 546.689 Executing VM operation: Cleanup done
Event: 547.699 Executing VM operation: Cleanup
Event: 547.700 Executing VM operation: Cleanup done
Event: 548.717 Executing VM operation: Cleanup
Event: 548.746 Executing VM operation: Cleanup done
Event: 549.628 Executing VM operation: HandshakeAllThreads
Event: 549.637 Executing VM operation: HandshakeAllThreads done
Event: 550.490 Executing VM operation: G1Concurrent

Events (20 events):
Event: 550.152 Thread 0x00000230a84dbb00 flushing nmethod 0x0000023097413a90
Event: 550.153 Thread 0x00000230a84dbb00 flushing nmethod 0x0000023097494490
Event: 550.153 Thread 0x00000230a84dbb00 flushing nmethod 0x00000230974a5e90
Event: 550.154 Thread 0x00000230a84dbb00 flushing nmethod 0x0000023097518390
Event: 550.157 Thread 0x00000230a84dbb00 flushing nmethod 0x00000230976fcf10
Event: 550.158 Thread 0x00000230a84dbb00 flushing nmethod 0x000002309777f510
Event: 550.180 Thread 0x00000230a84dbb00 flushing nmethod 0x000002309786cf10
Event: 550.184 Thread 0x00000230a84dbb00 flushing nmethod 0x00000230979b4e90
Event: 550.184 Thread 0x00000230a84dbb00 flushing nmethod 0x00000230979b9190
Event: 550.184 Thread 0x00000230a84dbb00 flushing nmethod 0x00000230979c0a10
Event: 550.184 Thread 0x00000230a84dbb00 flushing nmethod 0x00000230979c1710
Event: 550.184 Thread 0x00000230a84dbb00 flushing nmethod 0x00000230979c2b10
Event: 550.184 Thread 0x00000230a84dbb00 flushing nmethod 0x00000230979c3b10
Event: 550.184 Thread 0x00000230a84dbb00 flushing nmethod 0x00000230979c5d10
Event: 550.184 Thread 0x00000230a84dbb00 flushing nmethod 0x00000230979c7390
Event: 550.184 Thread 0x00000230a84dbb00 flushing nmethod 0x00000230979ebe90
Event: 550.184 Thread 0x00000230a84dbb00 flushing nmethod 0x00000230979ec990
Event: 550.184 Thread 0x00000230a84dbb00 flushing nmethod 0x00000230979edc90
Event: 550.184 Thread 0x00000230a84dbb00 flushing nmethod 0x00000230979f3890
Event: 550.184 Thread 0x00000230a84dbb00 flushing nmethod 0x00000230979f4e90


Dynamic libraries:
0x00007ff6c1250000 - 0x00007ff6c1260000 	C:\Program Files\Java\jdk-17\bin\java.exe
0x00007ffe7eab0000 - 0x00007ffe7eca8000 	C:\Windows\SYSTEM32\ntdll.dll
0x00007ffe7cad0000 - 0x00007ffe7cb92000 	C:\Windows\System32\KERNEL32.DLL
0x00007ffe7c2b0000 - 0x00007ffe7c5ae000 	C:\Windows\System32\KERNELBASE.dll
0x00007ffe7c7b0000 - 0x00007ffe7c8b0000 	C:\Windows\System32\ucrtbase.dll
0x00007ffe762e0000 - 0x00007ffe762f9000 	C:\Program Files\Java\jdk-17\bin\jli.dll
0x00007ffe7e610000 - 0x00007ffe7e6c2000 	C:\Windows\System32\ADVAPI32.dll
0x00007ffe7d690000 - 0x00007ffe7d72e000 	C:\Windows\System32\msvcrt.dll
0x00007ffe7d730000 - 0x00007ffe7d7d0000 	C:\Windows\System32\sechost.dll
0x00007ffe7d0c0000 - 0x00007ffe7d1e3000 	C:\Windows\System32\RPCRT4.dll
0x00007ffe7c8b0000 - 0x00007ffe7c8d7000 	C:\Windows\System32\bcrypt.dll
0x00007ffe7e8d0000 - 0x00007ffe7ea6d000 	C:\Windows\System32\USER32.dll
0x00007ffe7c6d0000 - 0x00007ffe7c6f2000 	C:\Windows\System32\win32u.dll
0x00007ffe7dbb0000 - 0x00007ffe7dbdb000 	C:\Windows\System32\GDI32.dll
0x00007ffe7c5b0000 - 0x00007ffe7c6c7000 	C:\Windows\System32\gdi32full.dll
0x00007ffe7c8e0000 - 0x00007ffe7c97d000 	C:\Windows\System32\msvcp_win.dll
0x00007ffe76300000 - 0x00007ffe7631b000 	C:\Program Files\Java\jdk-17\bin\VCRUNTIME140.dll
0x00007ffe6c700000 - 0x00007ffe6c99a000 	C:\Windows\WinSxS\amd64_microsoft.windows.common-controls_6595b64144ccf1df_6.0.19041.4355_none_60b8b9eb71f62e16\COMCTL32.dll
0x00007ffe6ce20000 - 0x00007ffe6ce2a000 	C:\Windows\SYSTEM32\VERSION.dll
0x00007ffe7db80000 - 0x00007ffe7dbaf000 	C:\Windows\System32\IMM32.DLL
0x00007ffe762d0000 - 0x00007ffe762dc000 	C:\Program Files\Java\jdk-17\bin\vcruntime140_1.dll
0x00007ffe47dd0000 - 0x00007ffe47e5e000 	C:\Program Files\Java\jdk-17\bin\msvcp140.dll
0x00007ffe0bad0000 - 0x00007ffe0c6b0000 	C:\Program Files\Java\jdk-17\bin\server\jvm.dll
0x00007ffe7e730000 - 0x00007ffe7e738000 	C:\Windows\System32\PSAPI.DLL
0x00007ffe762c0000 - 0x00007ffe762c9000 	C:\Windows\SYSTEM32\WSOCK32.dll
0x00007ffe7d900000 - 0x00007ffe7d96b000 	C:\Windows\System32\WS2_32.dll
0x00007ffe6c3c0000 - 0x00007ffe6c3e7000 	C:\Windows\SYSTEM32\WINMM.dll
0x00007ffe7a970000 - 0x00007ffe7a982000 	C:\Windows\SYSTEM32\kernel.appcore.dll
0x00007ffe76280000 - 0x00007ffe7628a000 	C:\Program Files\Java\jdk-17\bin\jimage.dll
0x00007ffe79eb0000 - 0x00007ffe7a094000 	C:\Windows\SYSTEM32\DBGHELP.DLL
0x00007ffe67ed0000 - 0x00007ffe67f04000 	C:\Windows\SYSTEM32\dbgcore.DLL
0x00007ffe7ca40000 - 0x00007ffe7cac2000 	C:\Windows\System32\bcryptPrimitives.dll
0x00007ffe6b710000 - 0x00007ffe6b735000 	C:\Program Files\Java\jdk-17\bin\java.dll
0x00007ffe44ac0000 - 0x00007ffe44b97000 	C:\Program Files\Java\jdk-17\bin\jsvml.dll
0x00007ffe7dbe0000 - 0x00007ffe7e34f000 	C:\Windows\System32\SHELL32.dll
0x00007ffe7a1b0000 - 0x00007ffe7a954000 	C:\Windows\SYSTEM32\windows.storage.dll
0x00007ffe7d210000 - 0x00007ffe7d563000 	C:\Windows\System32\combase.dll
0x00007ffe7bab0000 - 0x00007ffe7bade000 	C:\Windows\SYSTEM32\Wldp.dll
0x00007ffe7d7d0000 - 0x00007ffe7d89d000 	C:\Windows\System32\OLEAUT32.dll
0x00007ffe7cba0000 - 0x00007ffe7cc4d000 	C:\Windows\System32\SHCORE.dll
0x00007ffe7d8a0000 - 0x00007ffe7d8f5000 	C:\Windows\System32\shlwapi.dll
0x00007ffe7c080000 - 0x00007ffe7c0a4000 	C:\Windows\SYSTEM32\profapi.dll
0x00007ffe75dd0000 - 0x00007ffe75de9000 	C:\Program Files\Java\jdk-17\bin\net.dll
0x00007ffe74980000 - 0x00007ffe74a8d000 	C:\Windows\SYSTEM32\WINHTTP.dll
0x00007ffe7b810000 - 0x00007ffe7b87a000 	C:\Windows\system32\mswsock.dll
0x00007ffe75d70000 - 0x00007ffe75d86000 	C:\Program Files\Java\jdk-17\bin\nio.dll
0x00007ffe73220000 - 0x00007ffe73238000 	C:\Program Files\Java\jdk-17\bin\zip.dll
0x00007ffe76270000 - 0x00007ffe76280000 	C:\Program Files\Java\jdk-17\bin\verify.dll

dbghelp: loaded successfully - version: 4.0.5 - missing functions: none
symbol engine: initialized successfully - sym options: 0x614 - pdb path: .;C:\Program Files\Java\jdk-17\bin;C:\Windows\SYSTEM32;C:\Windows\WinSxS\amd64_microsoft.windows.common-controls_6595b64144ccf1df_6.0.19041.4355_none_60b8b9eb71f62e16;C:\Program Files\Java\jdk-17\bin\server

VM Arguments:
java_command: org.jetbrains.kotlin.cli.jvm.K2JVMCompiler @C:\Users\HP\Desktop\ProjekUTS\node_modules\react-native-screens\android\build\20241105_11882818528982170341.compiler.options
java_class_path (initial): C:\Users\HP\.gradle\caches\modules-2\files-2.1\org.jetbrains.kotlin\kotlin-compiler-embeddable\1.9.24\78dab849090e6c5e2eadb6e59a11cdc28fb67a08\kotlin-compiler-embeddable-1.9.24.jar;C:\Users\HP\.gradle\caches\modules-2\files-2.1\org.jetbrains.kotlin\kotlin-stdlib\1.9.24\9928532f12c66ad816a625b3f9984f8368ca6d2b\kotlin-stdlib-1.9.24.jar;C:\Users\HP\.gradle\caches\modules-2\files-2.1\org.jetbrains.kotlin\kotlin-script-runtime\1.9.24\96771497da90fbc5af1c90fce148db2595a62502\kotlin-script-runtime-1.9.24.jar;C:\Users\HP\.gradle\caches\modules-2\files-2.1\org.jetbrains.kotlin\kotlin-reflect\1.6.10\1cbe9c92c12a94eea200d23c2bbaedaf3daf5132\kotlin-reflect-1.6.10.jar;C:\Users\HP\.gradle\caches\modules-2\files-2.1\org.jetbrains.kotlin\kotlin-daemon-embeddable\1.9.24\86685b9c5e8d170925bd9ddbdc263374a6a73281\kotlin-daemon-embeddable-1.9.24.jar;C:\Users\HP\.gradle\caches\modules-2\files-2.1\org.jetbrains.intellij.deps\trove4j\1.0.20200330\3afb14d5f9ceb459d724e907a21145e8ff394f02\trove4j-1.0.20200330.jar;C:\Users\HP\.gradle\caches\modules-2\files-2.1\org.jetbrains\annotations\13.0\919f0dfe192fb4e063e7dacadee7f8bb9a2672a9\annotations-13.0.jar
Launcher Type: SUN_STANDARD

[Global flags]
     intx CICompilerCount                          = 3                                         {product} {ergonomic}
     uint ConcGCThreads                            = 1                                         {product} {ergonomic}
     uint G1ConcRefinementThreads                  = 4                                         {product} {ergonomic}
   size_t G1HeapRegionSize                         = 1048576                                   {product} {ergonomic}
    uintx GCDrainStackTargetSize                   = 64                                        {product} {ergonomic}
   size_t InitialHeapSize                          = 67108864                                  {product} {ergonomic}
   size_t MarkStackSize                            = 4194304                                   {product} {ergonomic}
   size_t MaxHeapSize                              = 1052770304                                {product} {ergonomic}
   size_t MaxNewSize                               = 631242752                                 {product} {ergonomic}
   size_t MinHeapDeltaBytes                        = 1048576                                   {product} {ergonomic}
   size_t MinHeapSize                              = 8388608                                   {product} {ergonomic}
    uintx NonNMethodCodeHeapSize                   = 5832780                                {pd product} {ergonomic}
    uintx NonProfiledCodeHeapSize                  = 122912730                              {pd product} {ergonomic}
    uintx ProfiledCodeHeapSize                     = 122912730                              {pd product} {ergonomic}
    uintx ReservedCodeCacheSize                    = 251658240                              {pd product} {ergonomic}
     bool SegmentedCodeCache                       = true                                      {product} {ergonomic}
   size_t SoftMaxHeapSize                          = 1052770304                             {manageable} {ergonomic}
     bool UseCompressedClassPointers               = true                           {product lp64_product} {ergonomic}
     bool UseCompressedOops                        = true                           {product lp64_product} {ergonomic}
     bool UseG1GC                                  = true                                      {product} {ergonomic}
     bool UseLargePagesIndividualAllocation        = false                                  {pd product} {ergonomic}

Logging:
Log output configuration:
 #0: stdout all=warning uptime,level,tags
 #1: stderr all=off uptime,level,tags

Environment Variables:
CLASSPATH=C:\Users\HP\Desktop\ProjekUTS\android\\gradle\wrapper\gradle-wrapper.jar
PATH=C:\Users\HP\Desktop\ProjekUTS\node_modules\.bin;C:\Users\HP\Desktop\ProjekUTS\node_modules\.bin;C:\Users\HP\Desktop\node_modules\.bin;C:\Users\HP\node_modules\.bin;C:\Users\node_modules\.bin;C:\node_modules\.bin;C:\Users\HP\AppData\Roaming\npm\node_modules\npm\node_modules\@npmcli\run-script\lib\node-gyp-bin;C:\Users\HP\Desktop\ProjekUTS\node_modules\.bin;C:\Users\HP\Desktop\ProjekUTS\node_modules\.bin;C:\Users\HP\Desktop\node_modules\.bin;C:\Users\HP\node_modules\.bin;C:\Users\node_modules\.bin;C:\node_modules\.bin;C:\Users\HP\AppData\Roaming\npm\node_modules\npm\node_modules\@npmcli\run-script\lib\node-gyp-bin;C:\Program Files\Common Files\Oracle\Java\javapath;C:\Windows\system32;C:\Windows;C:\Windows\System32\Wbem;C:\Windows\System32\WindowsPowerShell\v1.0\;C:\Windows\System32\OpenSSH\;C:\Program Files\nodejs\;C:\Users\HP\AppData\Local\Android\Sdk\platform-tools;C:\Program Files\Git\cmd;C:\xampp\php;C:\composer;C:\Users\HP\AppData\Local\Android\Sdk\build-tools\;C:\Users\HP\AppData\Local\Android\Sdk\platform-tools;C:\Users\HP\AppData\Local\Android\Sdk\tools;C:\Users\HP\AppData\Local\Microsoft\WindowsApps;C:\Users\HP\AppData\Local\Programs\Microsoft VS Code\bin;C:\Users\HP\AppData\Roaming\Composer\vendor\bin;C:\Users\HP\AppData\Roaming\npm;C:\Users\HP\AppData\Local\Android\Sdk\platform-tools;C:\Users\HP\AppData\Local\Android\Sdk\emulator;C:\Users\HP\AppData\Local\Android\Sdk\emuator\bin64;C:\Users\HP\AppData\Local\Android\Sdk\tools;C:\Users\HP\AppData\Local\Android\Sdk\tools\bin;C:\Users\HP\AppData\Roaming\Composer\vendor\bin;
USERNAME=HP
LANG=en_US.UTF-8
OS=Windows_NT
PROCESSOR_IDENTIFIER=Intel64 Family 6 Model 61 Stepping 4, GenuineIntel



---------------  S Y S T E M  ---------------

OS:
 Windows 10 , 64 bit Build 19041 (10.0.19041.4957)
OS uptime: 0 days 9:19 hours

CPU: total 4 (initial active 4) (2 cores per cpu, 2 threads per core) family 6 model 61 stepping 4 microcode 0x2d, cx8, cmov, fxsr, ht, mmx, 3dnowpref, sse, sse2, sse3, ssse3, sse4.1, sse4.2, popcnt, lzcnt, tsc, tscinvbit, avx, avx2, aes, erms, clmul, bmi1, bmi2, adx, fma, vzeroupper, clflush

Memory: 4k page, system-wide physical 4011M (288M free)
TotalPageFile size 16299M (AvailPageFile size 9M)
current process WorkingSet (physical memory assigned to process): 288M, peak: 294M
current process commit charge ("private bytes"): 444M, peak: 499M

vm_info: Java HotSpot(TM) 64-Bit Server VM (17.0.12+8-LTS-286) for windows-amd64 JRE (17.0.12+8-LTS-286), built on Jun  5 2024 06:46:59 by "mach5one" with MS VC++ 17.6 (VS2022)

END.
