#
# There is insufficient memory for the Java Runtime Environment to continue.
# Native memory allocation (malloc) failed to allocate 1362256 bytes for Chunk::new
# Possible reasons:
#   The system is out of physical RAM or swap space
#   The process is running with CompressedOops enabled, and the Java Heap may be blocking the growth of the native heap
# Possible solutions:
#   Reduce memory load on the system
#   Increase physical memory or swap space
#   Check if swap backing store is full
#   Decrease Java heap size (-Xmx/-Xms)
#   Decrease number of Java threads
#   Decrease Java thread stack sizes (-Xss)
#   Set larger code cache with -XX:ReservedCodeCacheSize=
#   JVM is running with Unscaled Compressed Oops mode in which the Java heap is
#     placed in the first 4GB address space. The Java Heap base address is the
#     maximum limit for the native heap growth. Please use -XX:HeapBaseMinAddress
#     to set the Java Heap base and to place the Java Heap above 4GB virtual address.
# This output file may be truncated or incomplete.
#
#  Out of Memory Error (arena.cpp:189), pid=7820, tid=12528
#
# JRE version: Java(TM) SE Runtime Environment (17.0.12+8) (build 17.0.12+8-LTS-286)
# Java VM: Java HotSpot(TM) 64-Bit Server VM (17.0.12+8-LTS-286, mixed mode, sharing, tiered, compressed oops, compressed class ptrs, g1 gc, windows-amd64)
# No core dump will be written. Minidumps are not enabled by default on client versions of Windows
#

---------------  S U M M A R Y ------------

Command Line: org.jetbrains.kotlin.cli.jvm.K2JVMCompiler @C:\Users\HP\Desktop\ProjekUTS\node_modules\react-native-gesture-handler\android\build\20241105_13412896340046692940.compiler.options

Host: Intel(R) Core(TM) i3-5005U CPU @ 2.00GHz, 4 cores, 3G,  Windows 10 , 64 bit Build 19041 (10.0.19041.4957)
Time: Tue Nov  5 20:47:49 2024 Altai Standard Time elapsed time: 550.050379 seconds (0d 0h 9m 10s)

---------------  T H R E A D  ---------------

Current thread (0x000002262ab9e6d0):  JavaThread "C2 CompilerThread0" daemon [_thread_in_native, id=12528, stack(0x00000081af900000,0x00000081afa00000)]


Current CompileTask:
C2: 550050 19870       4       org.jetbrains.kotlin.ir.util.IrFakeOverrideUtilsKt::resolveFakeOverride (77 bytes)

Stack: [0x00000081af900000,0x00000081afa00000]
Native frames: (J=compiled Java code, j=interpreted, Vv=VM code, C=native code)
V  [jvm.dll+0x67a04a]
V  [jvm.dll+0x7da4ed]
V  [jvm.dll+0x7dbe33]
V  [jvm.dll+0x7dc4a3]
V  [jvm.dll+0x24508f]
V  [jvm.dll+0xab773]
V  [jvm.dll+0xabd3c]
V  [jvm.dll+0x361bee]
V  [jvm.dll+0x1ba45a]
V  [jvm.dll+0x216997]
V  [jvm.dll+0x215c6f]
V  [jvm.dll+0x1a2960]
V  [jvm.dll+0x22610b]
V  [jvm.dll+0x2242ab]
V  [jvm.dll+0x79075c]
V  [jvm.dll+0x78abea]
V  [jvm.dll+0x678f35]
C  [ucrtbase.dll+0x21bb2]
C  [KERNEL32.DLL+0x17374]
C  [ntdll.dll+0x4cc91]


---------------  P R O C E S S  ---------------

Threads class SMR info:
_java_thread_list=0x00000226700345a0, length=12, elements={
0x000002260f92b760, 0x000002260f9e4710, 0x000002260f9e5590, 0x000002260f9f97b0,
0x000002260f9fb380, 0x000002260f9fdd50, 0x000002260f9fe710, 0x000002262ab9e6d0,
0x000002262ac143c0, 0x000002262ac1a8c0, 0x00000226700598c0, 0x000002267005ca00
}

Java Threads: ( => current thread )
  0x000002260f92b760 JavaThread "main" [_thread_in_Java, id=2236, stack(0x00000081aec00000,0x00000081aed00000)]
  0x000002260f9e4710 JavaThread "Reference Handler" daemon [_thread_blocked, id=4960, stack(0x00000081af300000,0x00000081af400000)]
  0x000002260f9e5590 JavaThread "Finalizer" daemon [_thread_blocked, id=4332, stack(0x00000081af400000,0x00000081af500000)]
  0x000002260f9f97b0 JavaThread "Signal Dispatcher" daemon [_thread_blocked, id=9044, stack(0x00000081af500000,0x00000081af600000)]
  0x000002260f9fb380 JavaThread "Attach Listener" daemon [_thread_blocked, id=13136, stack(0x00000081af600000,0x00000081af700000)]
  0x000002260f9fdd50 JavaThread "Service Thread" daemon [_thread_blocked, id=13040, stack(0x00000081af700000,0x00000081af800000)]
  0x000002260f9fe710 JavaThread "Monitor Deflation Thread" daemon [_thread_blocked, id=7220, stack(0x00000081af800000,0x00000081af900000)]
=>0x000002262ab9e6d0 JavaThread "C2 CompilerThread0" daemon [_thread_in_native, id=12528, stack(0x00000081af900000,0x00000081afa00000)]
  0x000002262ac143c0 JavaThread "C1 CompilerThread0" daemon [_thread_blocked, id=2940, stack(0x00000081afa00000,0x00000081afb00000)]
  0x000002262ac1a8c0 JavaThread "Sweeper thread" daemon [_thread_blocked, id=12448, stack(0x00000081afb00000,0x00000081afc00000)]
  0x00000226700598c0 JavaThread "Notification Thread" daemon [_thread_blocked, id=12144, stack(0x00000081afc00000,0x00000081afd00000)]
  0x000002267005ca00 JavaThread "Common-Cleaner" daemon [_thread_blocked, id=5644, stack(0x00000081afe00000,0x00000081aff00000)]

Other Threads:
  0x000002260f9ddaa0 VMThread "VM Thread" [stack: 0x00000081af200000,0x00000081af300000] [id=5664]
  0x000002267005c5c0 WatcherThread [stack: 0x00000081afd00000,0x00000081afe00000] [id=10572]
  0x000002260f9665f0 GCTaskThread "GC Thread#0" [stack: 0x00000081aed00000,0x00000081aee00000] [id=2904]
  0x000002267043dc80 GCTaskThread "GC Thread#1" [stack: 0x00000081aff00000,0x00000081b0000000] [id=9232]
  0x00000226703fc4d0 GCTaskThread "GC Thread#2" [stack: 0x00000081b0000000,0x00000081b0100000] [id=10344]
  0x00000226703fc790 GCTaskThread "GC Thread#3" [stack: 0x00000081b0100000,0x00000081b0200000] [id=6908]
  0x000002260f96f2c0 ConcurrentGCThread "G1 Main Marker" [stack: 0x00000081aee00000,0x00000081aef00000] [id=8744]
  0x000002260f96fcd0 ConcurrentGCThread "G1 Conc#0" [stack: 0x00000081aef00000,0x00000081af000000] [id=7740]
  0x000002260f9bcf50 ConcurrentGCThread "G1 Refine#0" [stack: 0x00000081af000000,0x00000081af100000] [id=13108]
  0x0000022673a30790 ConcurrentGCThread "G1 Refine#1" [stack: 0x00000081aea00000,0x00000081aeb00000] [id=10404]
  0x000002260f9bd980 ConcurrentGCThread "G1 Service" [stack: 0x00000081af100000,0x00000081af200000] [id=9252]

Threads with active compile tasks:
C2 CompilerThread0   550110 19870       4       org.jetbrains.kotlin.ir.util.IrFakeOverrideUtilsKt::resolveFakeOverride (77 bytes)

VM state: not at safepoint (normal execution)

VM Mutex/Monitor currently owned by a thread: None

Heap address: 0x00000000c1400000, size: 1004 MB, Compressed Oops mode: 32-bit

CDS archive(s) mapped at: [0x000002262b000000-0x000002262bbd0000-0x000002262bbd0000), size 12386304, SharedBaseAddress: 0x000002262b000000, ArchiveRelocationMode: 1.
Compressed class space mapped at: 0x000002262c000000-0x000002266c000000, reserved size: 1073741824
Narrow klass base: 0x000002262b000000, Narrow klass shift: 0, Narrow klass range: 0x100000000

GC Precious Log:
 CPUs: 4 total, 4 available
 Memory: 4011M
 Large Page Support: Disabled
 NUMA Support: Disabled
 Compressed Oops: Enabled (32-bit)
 Heap Region Size: 1M
 Heap Min Capacity: 8M
 Heap Initial Capacity: 64M
 Heap Max Capacity: 1004M
 Pre-touch: Disabled
 Parallel Workers: 4
 Concurrent Workers: 1
 Concurrent Refinement Workers: 4
 Periodic GC: Disabled

Heap:
 garbage-first heap   total 178176K, used 97378K [0x00000000c1400000, 0x0000000100000000)
  region size 1024K, 7 young (7168K), 4 survivors (4096K)
 Metaspace       used 77211K, committed 77504K, reserved 1179648K
  class space    used 8108K, committed 8256K, reserved 1048576K

Heap Regions: E=young(eden), S=young(survivor), O=old, HS=humongous(starts), HC=humongous(continues), CS=collection set, F=free, OA=open archive, CA=closed archive, TAMS=top-at-mark-start (previous, next)
|   0|0x00000000c1400000, 0x00000000c1500000, 0x00000000c1500000|100%|HS|  |TAMS 0x00000000c1500000, 0x00000000c1400000| Complete 
|   1|0x00000000c1500000, 0x00000000c1600000, 0x00000000c1600000|100%|HC|  |TAMS 0x00000000c1600000, 0x00000000c1500000| Complete 
|   2|0x00000000c1600000, 0x00000000c1700000, 0x00000000c1700000|100%|HC|  |TAMS 0x00000000c1700000, 0x00000000c1600000| Complete 
|   3|0x00000000c1700000, 0x00000000c1800000, 0x00000000c1800000|100%|HC|  |TAMS 0x00000000c1800000, 0x00000000c1700000| Complete 
|   4|0x00000000c1800000, 0x00000000c1900000, 0x00000000c1900000|100%| O|  |TAMS 0x00000000c1900000, 0x00000000c1800000| Untracked 
|   5|0x00000000c1900000, 0x00000000c1a00000, 0x00000000c1a00000|100%| O|  |TAMS 0x00000000c1a00000, 0x00000000c1900000| Untracked 
|   6|0x00000000c1a00000, 0x00000000c1b00000, 0x00000000c1b00000|100%| O|  |TAMS 0x00000000c1b00000, 0x00000000c1a00000| Untracked 
|   7|0x00000000c1b00000, 0x00000000c1c00000, 0x00000000c1c00000|100%| O|  |TAMS 0x00000000c1c00000, 0x00000000c1b00000| Untracked 
|   8|0x00000000c1c00000, 0x00000000c1d00000, 0x00000000c1d00000|100%| O|  |TAMS 0x00000000c1d00000, 0x00000000c1c00000| Untracked 
|   9|0x00000000c1d00000, 0x00000000c1e00000, 0x00000000c1e00000|100%| O|  |TAMS 0x00000000c1e00000, 0x00000000c1d00000| Untracked 
|  10|0x00000000c1e00000, 0x00000000c1f00000, 0x00000000c1f00000|100%| O|  |TAMS 0x00000000c1f00000, 0x00000000c1e00000| Untracked 
|  11|0x00000000c1f00000, 0x00000000c2000000, 0x00000000c2000000|100%| O|  |TAMS 0x00000000c2000000, 0x00000000c1f00000| Untracked 
|  12|0x00000000c2000000, 0x00000000c2100000, 0x00000000c2100000|100%| O|  |TAMS 0x00000000c2100000, 0x00000000c2000000| Untracked 
|  13|0x00000000c2100000, 0x00000000c2200000, 0x00000000c2200000|100%| O|  |TAMS 0x00000000c2200000, 0x00000000c2100000| Untracked 
|  14|0x00000000c2200000, 0x00000000c2300000, 0x00000000c2300000|100%| O|  |TAMS 0x00000000c2300000, 0x00000000c2200000| Untracked 
|  15|0x00000000c2300000, 0x00000000c2400000, 0x00000000c2400000|100%| O|  |TAMS 0x00000000c2400000, 0x00000000c2300000| Untracked 
|  16|0x00000000c2400000, 0x00000000c2500000, 0x00000000c2500000|100%|HS|  |TAMS 0x00000000c2500000, 0x00000000c2400000| Complete 
|  17|0x00000000c2500000, 0x00000000c2600000, 0x00000000c2600000|100%|HC|  |TAMS 0x00000000c2600000, 0x00000000c2500000| Complete 
|  18|0x00000000c2600000, 0x00000000c2700000, 0x00000000c2700000|100%| O|  |TAMS 0x00000000c2700000, 0x00000000c2600000| Untracked 
|  19|0x00000000c2700000, 0x00000000c2800000, 0x00000000c2800000|100%| O|  |TAMS 0x00000000c2800000, 0x00000000c2700000| Untracked 
|  20|0x00000000c2800000, 0x00000000c2900000, 0x00000000c2900000|100%| O|  |TAMS 0x00000000c2900000, 0x00000000c2800000| Untracked 
|  21|0x00000000c2900000, 0x00000000c2a00000, 0x00000000c2a00000|100%| O|  |TAMS 0x00000000c2a00000, 0x00000000c2900000| Untracked 
|  22|0x00000000c2a00000, 0x00000000c2b00000, 0x00000000c2b00000|100%| O|  |TAMS 0x00000000c2b00000, 0x00000000c2a00000| Untracked 
|  23|0x00000000c2b00000, 0x00000000c2c00000, 0x00000000c2c00000|100%| O|  |TAMS 0x00000000c2c00000, 0x00000000c2b00000| Untracked 
|  24|0x00000000c2c00000, 0x00000000c2d00000, 0x00000000c2d00000|100%| O|  |TAMS 0x00000000c2d00000, 0x00000000c2c00000| Untracked 
|  25|0x00000000c2d00000, 0x00000000c2e00000, 0x00000000c2e00000|100%| O|  |TAMS 0x00000000c2e00000, 0x00000000c2d00000| Untracked 
|  26|0x00000000c2e00000, 0x00000000c2f00000, 0x00000000c2f00000|100%| O|  |TAMS 0x00000000c2f00000, 0x00000000c2e00000| Untracked 
|  27|0x00000000c2f00000, 0x00000000c3000000, 0x00000000c3000000|100%| O|  |TAMS 0x00000000c3000000, 0x00000000c2f00000| Untracked 
|  28|0x00000000c3000000, 0x00000000c3100000, 0x00000000c3100000|100%| O|  |TAMS 0x00000000c3100000, 0x00000000c3000000| Untracked 
|  29|0x00000000c3100000, 0x00000000c3200000, 0x00000000c3200000|100%| O|  |TAMS 0x00000000c3200000, 0x00000000c3100000| Untracked 
|  30|0x00000000c3200000, 0x00000000c3300000, 0x00000000c3300000|100%| O|  |TAMS 0x00000000c3300000, 0x00000000c3200000| Untracked 
|  31|0x00000000c3300000, 0x00000000c3400000, 0x00000000c3400000|100%| O|  |TAMS 0x00000000c3400000, 0x00000000c3300000| Untracked 
|  32|0x00000000c3400000, 0x00000000c3500000, 0x00000000c3500000|100%| O|  |TAMS 0x00000000c3500000, 0x00000000c3400000| Untracked 
|  33|0x00000000c3500000, 0x00000000c3600000, 0x00000000c3600000|100%| O|  |TAMS 0x00000000c3600000, 0x00000000c3500000| Untracked 
|  34|0x00000000c3600000, 0x00000000c3700000, 0x00000000c3700000|100%| O|  |TAMS 0x00000000c3700000, 0x00000000c3600000| Untracked 
|  35|0x00000000c3700000, 0x00000000c3800000, 0x00000000c3800000|100%| O|  |TAMS 0x00000000c3800000, 0x00000000c3700000| Untracked 
|  36|0x00000000c3800000, 0x00000000c3900000, 0x00000000c3900000|100%| O|  |TAMS 0x00000000c3900000, 0x00000000c3800000| Untracked 
|  37|0x00000000c3900000, 0x00000000c3a00000, 0x00000000c3a00000|100%| O|  |TAMS 0x00000000c3a00000, 0x00000000c3900000| Untracked 
|  38|0x00000000c3a00000, 0x00000000c3ad0000, 0x00000000c3b00000| 81%| O|  |TAMS 0x00000000c3ad0000, 0x00000000c3a00000| Untracked 
|  39|0x00000000c3b00000, 0x00000000c3c00000, 0x00000000c3c00000|100%| O|  |TAMS 0x00000000c3c00000, 0x00000000c3b00000| Untracked 
|  40|0x00000000c3c00000, 0x00000000c3d00000, 0x00000000c3d00000|100%| O|  |TAMS 0x00000000c3d00000, 0x00000000c3c00000| Untracked 
|  41|0x00000000c3d00000, 0x00000000c3e00000, 0x00000000c3e00000|100%| O|  |TAMS 0x00000000c3e00000, 0x00000000c3d00000| Untracked 
|  42|0x00000000c3e00000, 0x00000000c3f00000, 0x00000000c3f00000|100%| O|  |TAMS 0x00000000c3f00000, 0x00000000c3e00000| Untracked 
|  43|0x00000000c3f00000, 0x00000000c4000000, 0x00000000c4000000|100%| O|  |TAMS 0x00000000c4000000, 0x00000000c3f00000| Untracked 
|  44|0x00000000c4000000, 0x00000000c4100000, 0x00000000c4100000|100%| O|  |TAMS 0x00000000c4100000, 0x00000000c4000000| Untracked 
|  45|0x00000000c4100000, 0x00000000c4200000, 0x00000000c4200000|100%| O|  |TAMS 0x00000000c4200000, 0x00000000c4100000| Untracked 
|  46|0x00000000c4200000, 0x00000000c4300000, 0x00000000c4300000|100%| O|  |TAMS 0x00000000c4300000, 0x00000000c4200000| Untracked 
|  47|0x00000000c4300000, 0x00000000c4400000, 0x00000000c4400000|100%| O|  |TAMS 0x00000000c4400000, 0x00000000c4300000| Untracked 
|  48|0x00000000c4400000, 0x00000000c4500000, 0x00000000c4500000|100%| O|  |TAMS 0x00000000c4500000, 0x00000000c4400000| Untracked 
|  49|0x00000000c4500000, 0x00000000c4600000, 0x00000000c4600000|100%| O|  |TAMS 0x00000000c4600000, 0x00000000c4500000| Untracked 
|  50|0x00000000c4600000, 0x00000000c4700000, 0x00000000c4700000|100%| O|  |TAMS 0x00000000c4700000, 0x00000000c4600000| Untracked 
|  51|0x00000000c4700000, 0x00000000c4800000, 0x00000000c4800000|100%| O|  |TAMS 0x00000000c4800000, 0x00000000c4700000| Untracked 
|  52|0x00000000c4800000, 0x00000000c4900000, 0x00000000c4900000|100%| O|  |TAMS 0x00000000c4900000, 0x00000000c4800000| Untracked 
|  53|0x00000000c4900000, 0x00000000c4a00000, 0x00000000c4a00000|100%| O|  |TAMS 0x00000000c4900000, 0x00000000c4900000| Untracked 
|  54|0x00000000c4a00000, 0x00000000c4b00000, 0x00000000c4b00000|100%| O|  |TAMS 0x00000000c4a00000, 0x00000000c4a00000| Untracked 
|  55|0x00000000c4b00000, 0x00000000c4c00000, 0x00000000c4c00000|100%| O|  |TAMS 0x00000000c4c00000, 0x00000000c4b00000| Untracked 
|  56|0x00000000c4c00000, 0x00000000c4d00000, 0x00000000c4d00000|100%| O|  |TAMS 0x00000000c4d00000, 0x00000000c4c00000| Untracked 
|  57|0x00000000c4d00000, 0x00000000c4e00000, 0x00000000c4e00000|100%| O|  |TAMS 0x00000000c4d00000, 0x00000000c4d00000| Untracked 
|  58|0x00000000c4e00000, 0x00000000c4f00000, 0x00000000c4f00000|100%| O|  |TAMS 0x00000000c4f00000, 0x00000000c4e00000| Untracked 
|  59|0x00000000c4f00000, 0x00000000c5000000, 0x00000000c5000000|100%| O|  |TAMS 0x00000000c5000000, 0x00000000c4f00000| Untracked 
|  60|0x00000000c5000000, 0x00000000c5100000, 0x00000000c5100000|100%| O|  |TAMS 0x00000000c5100000, 0x00000000c5000000| Untracked 
|  61|0x00000000c5100000, 0x00000000c5200000, 0x00000000c5200000|100%| O|  |TAMS 0x00000000c5200000, 0x00000000c5100000| Untracked 
|  62|0x00000000c5200000, 0x00000000c5300000, 0x00000000c5300000|100%| O|  |TAMS 0x00000000c5300000, 0x00000000c5200000| Untracked 
|  63|0x00000000c5300000, 0x00000000c5400000, 0x00000000c5400000|100%| O|  |TAMS 0x00000000c5400000, 0x00000000c5300000| Untracked 
|  64|0x00000000c5400000, 0x00000000c5500000, 0x00000000c5500000|100%| O|  |TAMS 0x00000000c5500000, 0x00000000c5400000| Untracked 
|  65|0x00000000c5500000, 0x00000000c5600000, 0x00000000c5600000|100%| O|  |TAMS 0x00000000c5600000, 0x00000000c5500000| Untracked 
|  66|0x00000000c5600000, 0x00000000c5700000, 0x00000000c5700000|100%| O|  |TAMS 0x00000000c5700000, 0x00000000c5600000| Untracked 
|  67|0x00000000c5700000, 0x00000000c5800000, 0x00000000c5800000|100%| O|  |TAMS 0x00000000c5700000, 0x00000000c5700000| Untracked 
|  68|0x00000000c5800000, 0x00000000c5900000, 0x00000000c5900000|100%| O|  |TAMS 0x00000000c5900000, 0x00000000c5800000| Untracked 
|  69|0x00000000c5900000, 0x00000000c5a00000, 0x00000000c5a00000|100%| O|  |TAMS 0x00000000c5a00000, 0x00000000c5900000| Untracked 
|  70|0x00000000c5a00000, 0x00000000c5b00000, 0x00000000c5b00000|100%| O|  |TAMS 0x00000000c5b00000, 0x00000000c5a00000| Untracked 
|  71|0x00000000c5b00000, 0x00000000c5b00000, 0x00000000c5c00000|  0%| F|  |TAMS 0x00000000c5b00000, 0x00000000c5b00000| Untracked 
|  72|0x00000000c5c00000, 0x00000000c5c00000, 0x00000000c5d00000|  0%| F|  |TAMS 0x00000000c5c00000, 0x00000000c5c00000| Untracked 
|  73|0x00000000c5d00000, 0x00000000c5d00000, 0x00000000c5e00000|  0%| F|  |TAMS 0x00000000c5d00000, 0x00000000c5d00000| Untracked 
|  74|0x00000000c5e00000, 0x00000000c5f00000, 0x00000000c5f00000|100%| O|  |TAMS 0x00000000c5f00000, 0x00000000c5e00000| Untracked 
|  75|0x00000000c5f00000, 0x00000000c5f00000, 0x00000000c6000000|  0%| F|  |TAMS 0x00000000c5f00000, 0x00000000c5f00000| Untracked 
|  76|0x00000000c6000000, 0x00000000c6100000, 0x00000000c6100000|100%| O|  |TAMS 0x00000000c6100000, 0x00000000c6000000| Untracked 
|  77|0x00000000c6100000, 0x00000000c6200000, 0x00000000c6200000|100%| O|  |TAMS 0x00000000c6200000, 0x00000000c6100000| Untracked 
|  78|0x00000000c6200000, 0x00000000c6200000, 0x00000000c6300000|  0%| F|  |TAMS 0x00000000c6200000, 0x00000000c6200000| Untracked 
|  79|0x00000000c6300000, 0x00000000c6300000, 0x00000000c6400000|  0%| F|  |TAMS 0x00000000c6300000, 0x00000000c6300000| Untracked 
|  80|0x00000000c6400000, 0x00000000c6500000, 0x00000000c6500000|100%| O|  |TAMS 0x00000000c6500000, 0x00000000c6400000| Untracked 
|  81|0x00000000c6500000, 0x00000000c6500000, 0x00000000c6600000|  0%| F|  |TAMS 0x00000000c6500000, 0x00000000c6500000| Untracked 
|  82|0x00000000c6600000, 0x00000000c6600000, 0x00000000c6700000|  0%| F|  |TAMS 0x00000000c6600000, 0x00000000c6600000| Untracked 
|  83|0x00000000c6700000, 0x00000000c6700000, 0x00000000c6800000|  0%| F|  |TAMS 0x00000000c6700000, 0x00000000c6700000| Untracked 
|  84|0x00000000c6800000, 0x00000000c6900000, 0x00000000c6900000|100%| O|  |TAMS 0x00000000c6900000, 0x00000000c6800000| Untracked 
|  85|0x00000000c6900000, 0x00000000c6a00000, 0x00000000c6a00000|100%| O|  |TAMS 0x00000000c6a00000, 0x00000000c6900000| Untracked 
|  86|0x00000000c6a00000, 0x00000000c6b00000, 0x00000000c6b00000|100%| O|  |TAMS 0x00000000c6b00000, 0x00000000c6a00000| Untracked 
|  87|0x00000000c6b00000, 0x00000000c6c00000, 0x00000000c6c00000|100%| O|  |TAMS 0x00000000c6c00000, 0x00000000c6b00000| Untracked 
|  88|0x00000000c6c00000, 0x00000000c6d00000, 0x00000000c6d00000|100%| O|  |TAMS 0x00000000c6d00000, 0x00000000c6c00000| Untracked 
|  89|0x00000000c6d00000, 0x00000000c6e00000, 0x00000000c6e00000|100%| O|  |TAMS 0x00000000c6e00000, 0x00000000c6d00000| Untracked 
|  90|0x00000000c6e00000, 0x00000000c6f00000, 0x00000000c6f00000|100%| O|  |TAMS 0x00000000c6f00000, 0x00000000c6e00000| Untracked 
|  91|0x00000000c6f00000, 0x00000000c7000000, 0x00000000c7000000|100%| O|  |TAMS 0x00000000c7000000, 0x00000000c6f00000| Untracked 
|  92|0x00000000c7000000, 0x00000000c7100000, 0x00000000c7100000|100%| O|  |TAMS 0x00000000c7053600, 0x00000000c7000000| Untracked 
|  93|0x00000000c7100000, 0x00000000c7200000, 0x00000000c7200000|100%| O|  |TAMS 0x00000000c7100000, 0x00000000c7100000| Untracked 
|  94|0x00000000c7200000, 0x00000000c7300000, 0x00000000c7300000|100%| O|  |TAMS 0x00000000c7200000, 0x00000000c7200000| Untracked 
|  95|0x00000000c7300000, 0x00000000c7400000, 0x00000000c7400000|100%| O|  |TAMS 0x00000000c7300000, 0x00000000c7300000| Untracked 
|  96|0x00000000c7400000, 0x00000000c7500000, 0x00000000c7500000|100%| O|  |TAMS 0x00000000c7400000, 0x00000000c7400000| Untracked 
|  97|0x00000000c7500000, 0x00000000c7600000, 0x00000000c7600000|100%| O|  |TAMS 0x00000000c7500000, 0x00000000c7500000| Untracked 
|  98|0x00000000c7600000, 0x00000000c7700000, 0x00000000c7700000|100%| O|  |TAMS 0x00000000c7600000, 0x00000000c7600000| Untracked 
|  99|0x00000000c7700000, 0x00000000c7700000, 0x00000000c7800000|  0%| F|  |TAMS 0x00000000c7700000, 0x00000000c7700000| Untracked 
| 100|0x00000000c7800000, 0x00000000c7800000, 0x00000000c7900000|  0%| F|  |TAMS 0x00000000c7800000, 0x00000000c7800000| Untracked 
| 101|0x00000000c7900000, 0x00000000c7900000, 0x00000000c7a00000|  0%| F|  |TAMS 0x00000000c7900000, 0x00000000c7900000| Untracked 
| 102|0x00000000c7a00000, 0x00000000c7a00000, 0x00000000c7b00000|  0%| F|  |TAMS 0x00000000c7a00000, 0x00000000c7a00000| Untracked 
| 103|0x00000000c7b00000, 0x00000000c7b00000, 0x00000000c7c00000|  0%| F|  |TAMS 0x00000000c7b00000, 0x00000000c7b00000| Untracked 
| 104|0x00000000c7c00000, 0x00000000c7c00000, 0x00000000c7d00000|  0%| F|  |TAMS 0x00000000c7c00000, 0x00000000c7c00000| Untracked 
| 105|0x00000000c7d00000, 0x00000000c7d00000, 0x00000000c7e00000|  0%| F|  |TAMS 0x00000000c7d00000, 0x00000000c7d00000| Untracked 
| 106|0x00000000c7e00000, 0x00000000c7e00000, 0x00000000c7f00000|  0%| F|  |TAMS 0x00000000c7e00000, 0x00000000c7e00000| Untracked 
| 107|0x00000000c7f00000, 0x00000000c7f00000, 0x00000000c8000000|  0%| F|  |TAMS 0x00000000c7f00000, 0x00000000c7f00000| Untracked 
| 108|0x00000000c8000000, 0x00000000c8000000, 0x00000000c8100000|  0%| F|  |TAMS 0x00000000c8000000, 0x00000000c8000000| Untracked 
| 109|0x00000000c8100000, 0x00000000c8100000, 0x00000000c8200000|  0%| F|  |TAMS 0x00000000c8100000, 0x00000000c8100000| Untracked 
| 110|0x00000000c8200000, 0x00000000c8200000, 0x00000000c8300000|  0%| F|  |TAMS 0x00000000c8200000, 0x00000000c8200000| Untracked 
| 111|0x00000000c8300000, 0x00000000c8300000, 0x00000000c8400000|  0%| F|  |TAMS 0x00000000c8300000, 0x00000000c8300000| Untracked 
| 112|0x00000000c8400000, 0x00000000c8400000, 0x00000000c8500000|  0%| F|  |TAMS 0x00000000c8400000, 0x00000000c8400000| Untracked 
| 113|0x00000000c8500000, 0x00000000c8500000, 0x00000000c8600000|  0%| F|  |TAMS 0x00000000c8500000, 0x00000000c8500000| Untracked 
| 114|0x00000000c8600000, 0x00000000c8600000, 0x00000000c8700000|  0%| F|  |TAMS 0x00000000c8600000, 0x00000000c8600000| Untracked 
| 115|0x00000000c8700000, 0x00000000c8700000, 0x00000000c8800000|  0%| F|  |TAMS 0x00000000c8700000, 0x00000000c8700000| Untracked 
| 116|0x00000000c8800000, 0x00000000c8800000, 0x00000000c8900000|  0%| F|  |TAMS 0x00000000c8800000, 0x00000000c8800000| Untracked 
| 117|0x00000000c8900000, 0x00000000c8900000, 0x00000000c8a00000|  0%| F|  |TAMS 0x00000000c8900000, 0x00000000c8900000| Untracked 
| 118|0x00000000c8a00000, 0x00000000c8a00000, 0x00000000c8b00000|  0%| F|  |TAMS 0x00000000c8a00000, 0x00000000c8a00000| Untracked 
| 119|0x00000000c8b00000, 0x00000000c8b00000, 0x00000000c8c00000|  0%| F|  |TAMS 0x00000000c8b00000, 0x00000000c8b00000| Untracked 
| 120|0x00000000c8c00000, 0x00000000c8c00000, 0x00000000c8d00000|  0%| F|  |TAMS 0x00000000c8c00000, 0x00000000c8c00000| Untracked 
| 121|0x00000000c8d00000, 0x00000000c8d00000, 0x00000000c8e00000|  0%| F|  |TAMS 0x00000000c8d00000, 0x00000000c8d00000| Untracked 
| 122|0x00000000c8e00000, 0x00000000c8e00000, 0x00000000c8f00000|  0%| F|  |TAMS 0x00000000c8e00000, 0x00000000c8e00000| Untracked 
| 123|0x00000000c8f00000, 0x00000000c8f00000, 0x00000000c9000000|  0%| F|  |TAMS 0x00000000c8f00000, 0x00000000c8f00000| Untracked 
| 124|0x00000000c9000000, 0x00000000c9000000, 0x00000000c9100000|  0%| F|  |TAMS 0x00000000c9000000, 0x00000000c9000000| Untracked 
| 125|0x00000000c9100000, 0x00000000c9100000, 0x00000000c9200000|  0%| F|  |TAMS 0x00000000c9100000, 0x00000000c9100000| Untracked 
| 126|0x00000000c9200000, 0x00000000c9200000, 0x00000000c9300000|  0%| F|  |TAMS 0x00000000c9200000, 0x00000000c9200000| Untracked 
| 127|0x00000000c9300000, 0x00000000c9300000, 0x00000000c9400000|  0%| F|  |TAMS 0x00000000c9300000, 0x00000000c9300000| Untracked 
| 128|0x00000000c9400000, 0x00000000c9400000, 0x00000000c9500000|  0%| F|  |TAMS 0x00000000c9400000, 0x00000000c9400000| Untracked 
| 129|0x00000000c9500000, 0x00000000c9500000, 0x00000000c9600000|  0%| F|  |TAMS 0x00000000c9500000, 0x00000000c9500000| Untracked 
| 130|0x00000000c9600000, 0x00000000c9600000, 0x00000000c9700000|  0%| F|  |TAMS 0x00000000c9600000, 0x00000000c9600000| Untracked 
| 131|0x00000000c9700000, 0x00000000c9700000, 0x00000000c9800000|  0%| F|  |TAMS 0x00000000c9700000, 0x00000000c9700000| Untracked 
| 132|0x00000000c9800000, 0x00000000c9800000, 0x00000000c9900000|  0%| F|  |TAMS 0x00000000c9800000, 0x00000000c9800000| Untracked 
| 133|0x00000000c9900000, 0x00000000c9900000, 0x00000000c9a00000|  0%| F|  |TAMS 0x00000000c9900000, 0x00000000c9900000| Untracked 
| 134|0x00000000c9a00000, 0x00000000c9a00000, 0x00000000c9b00000|  0%| F|  |TAMS 0x00000000c9a00000, 0x00000000c9a00000| Untracked 
| 135|0x00000000c9b00000, 0x00000000c9b00000, 0x00000000c9c00000|  0%| F|  |TAMS 0x00000000c9b00000, 0x00000000c9b00000| Untracked 
| 136|0x00000000c9c00000, 0x00000000c9c00000, 0x00000000c9d00000|  0%| F|  |TAMS 0x00000000c9c00000, 0x00000000c9c00000| Untracked 
| 137|0x00000000c9d00000, 0x00000000c9d00000, 0x00000000c9e00000|  0%| F|  |TAMS 0x00000000c9d00000, 0x00000000c9d00000| Untracked 
| 138|0x00000000c9e00000, 0x00000000c9e00000, 0x00000000c9f00000|  0%| F|  |TAMS 0x00000000c9e00000, 0x00000000c9e00000| Untracked 
| 139|0x00000000c9f00000, 0x00000000c9f00000, 0x00000000ca000000|  0%| F|  |TAMS 0x00000000c9f00000, 0x00000000c9f00000| Untracked 
| 140|0x00000000ca000000, 0x00000000ca000000, 0x00000000ca100000|  0%| F|  |TAMS 0x00000000ca000000, 0x00000000ca000000| Untracked 
| 141|0x00000000ca100000, 0x00000000ca100000, 0x00000000ca200000|  0%| F|  |TAMS 0x00000000ca100000, 0x00000000ca100000| Untracked 
| 142|0x00000000ca200000, 0x00000000ca200000, 0x00000000ca300000|  0%| F|  |TAMS 0x00000000ca200000, 0x00000000ca200000| Untracked 
| 143|0x00000000ca300000, 0x00000000ca300000, 0x00000000ca400000|  0%| F|  |TAMS 0x00000000ca300000, 0x00000000ca300000| Untracked 
| 144|0x00000000ca400000, 0x00000000ca448b28, 0x00000000ca500000| 28%| S|CS|TAMS 0x00000000ca400000, 0x00000000ca400000| Complete 
| 145|0x00000000ca500000, 0x00000000ca600000, 0x00000000ca600000|100%| S|CS|TAMS 0x00000000ca500000, 0x00000000ca500000| Complete 
| 146|0x00000000ca600000, 0x00000000ca700000, 0x00000000ca700000|100%| S|CS|TAMS 0x00000000ca600000, 0x00000000ca600000| Complete 
| 147|0x00000000ca700000, 0x00000000ca800000, 0x00000000ca800000|100%| S|CS|TAMS 0x00000000ca700000, 0x00000000ca700000| Complete 
| 148|0x00000000ca800000, 0x00000000ca800000, 0x00000000ca900000|  0%| F|  |TAMS 0x00000000ca800000, 0x00000000ca800000| Untracked 
| 149|0x00000000ca900000, 0x00000000ca900000, 0x00000000caa00000|  0%| F|  |TAMS 0x00000000ca900000, 0x00000000ca900000| Untracked 
| 150|0x00000000caa00000, 0x00000000caa00000, 0x00000000cab00000|  0%| F|  |TAMS 0x00000000caa00000, 0x00000000caa00000| Untracked 
| 151|0x00000000cab00000, 0x00000000cab00000, 0x00000000cac00000|  0%| F|  |TAMS 0x00000000cab00000, 0x00000000cab00000| Untracked 
| 152|0x00000000cac00000, 0x00000000cac00000, 0x00000000cad00000|  0%| F|  |TAMS 0x00000000cac00000, 0x00000000cac00000| Untracked 
| 153|0x00000000cad00000, 0x00000000cad00000, 0x00000000cae00000|  0%| F|  |TAMS 0x00000000cad00000, 0x00000000cad00000| Untracked 
| 154|0x00000000cae00000, 0x00000000cae00000, 0x00000000caf00000|  0%| F|  |TAMS 0x00000000cae00000, 0x00000000cae00000| Untracked 
| 155|0x00000000caf00000, 0x00000000caf00000, 0x00000000cb000000|  0%| F|  |TAMS 0x00000000caf00000, 0x00000000caf00000| Untracked 
| 156|0x00000000cb000000, 0x00000000cb000000, 0x00000000cb100000|  0%| F|  |TAMS 0x00000000cb000000, 0x00000000cb000000| Untracked 
| 157|0x00000000cb100000, 0x00000000cb100000, 0x00000000cb200000|  0%| F|  |TAMS 0x00000000cb100000, 0x00000000cb100000| Untracked 
| 158|0x00000000cb200000, 0x00000000cb200000, 0x00000000cb300000|  0%| F|  |TAMS 0x00000000cb200000, 0x00000000cb200000| Untracked 
| 159|0x00000000cb300000, 0x00000000cb300000, 0x00000000cb400000|  0%| F|  |TAMS 0x00000000cb300000, 0x00000000cb300000| Untracked 
| 160|0x00000000cb400000, 0x00000000cb400000, 0x00000000cb500000|  0%| F|  |TAMS 0x00000000cb400000, 0x00000000cb400000| Untracked 
| 161|0x00000000cb500000, 0x00000000cb500000, 0x00000000cb600000|  0%| F|  |TAMS 0x00000000cb500000, 0x00000000cb500000| Untracked 
| 162|0x00000000cb600000, 0x00000000cb600000, 0x00000000cb700000|  0%| F|  |TAMS 0x00000000cb600000, 0x00000000cb600000| Untracked 
| 163|0x00000000cb700000, 0x00000000cb700000, 0x00000000cb800000|  0%| F|  |TAMS 0x00000000cb700000, 0x00000000cb700000| Untracked 
| 164|0x00000000cb800000, 0x00000000cb800000, 0x00000000cb900000|  0%| F|  |TAMS 0x00000000cb800000, 0x00000000cb800000| Untracked 
| 165|0x00000000cb900000, 0x00000000cb900000, 0x00000000cba00000|  0%| F|  |TAMS 0x00000000cb900000, 0x00000000cb900000| Untracked 
| 166|0x00000000cba00000, 0x00000000cba00000, 0x00000000cbb00000|  0%| F|  |TAMS 0x00000000cba00000, 0x00000000cba00000| Untracked 
| 167|0x00000000cbb00000, 0x00000000cbb00000, 0x00000000cbc00000|  0%| F|  |TAMS 0x00000000cbb00000, 0x00000000cbb00000| Untracked 
| 168|0x00000000cbc00000, 0x00000000cbc00000, 0x00000000cbd00000|  0%| F|  |TAMS 0x00000000cbc00000, 0x00000000cbc00000| Untracked 
| 169|0x00000000cbd00000, 0x00000000cbd00000, 0x00000000cbe00000|  0%| F|  |TAMS 0x00000000cbd00000, 0x00000000cbd00000| Untracked 
| 170|0x00000000cbe00000, 0x00000000cbe00000, 0x00000000cbf00000|  0%| F|  |TAMS 0x00000000cbe00000, 0x00000000cbe00000| Untracked 
| 171|0x00000000cbf00000, 0x00000000cbf80800, 0x00000000cc000000| 50%| E|  |TAMS 0x00000000cbf00000, 0x00000000cbf00000| Complete 
| 172|0x00000000cc000000, 0x00000000cc100000, 0x00000000cc100000|100%| E|CS|TAMS 0x00000000cc000000, 0x00000000cc000000| Complete 
| 173|0x00000000cc100000, 0x00000000cc200000, 0x00000000cc200000|100%| E|CS|TAMS 0x00000000cc100000, 0x00000000cc100000| Complete 

Card table byte_map: [0x00000226263f0000,0x00000226265f0000] _byte_map_base: 0x0000022625de6000

Marking Bits (Prev, Next): (CMBitMap*) 0x000002260f966c10, (CMBitMap*) 0x000002260f966c50
 Prev Bits: [0x00000226267f0000, 0x00000226277a0000)
 Next Bits: [0x00000226277a0000, 0x0000022628750000)

Polling page: 0x000002260d920000

Metaspace:

Usage:
  Non-class:     67.48 MB used.
      Class:      7.92 MB used.
       Both:     75.40 MB used.

Virtual space:
  Non-class space:      128.00 MB reserved,      67.62 MB ( 53%) committed,  2 nodes.
      Class space:        1.00 GB reserved,       8.06 MB ( <1%) committed,  1 nodes.
             Both:        1.12 GB reserved,      75.69 MB (  7%) committed. 

Chunk freelists:
   Non-Class:  11.44 MB
       Class:  7.95 MB
        Both:  19.39 MB

MaxMetaspaceSize: unlimited
CompressedClassSpaceSize: 1.00 GB
Initial GC threshold: 21.00 MB
Current GC threshold: 123.25 MB
CDS: on
MetaspaceReclaimPolicy: balanced
 - commit_granule_bytes: 65536.
 - commit_granule_words: 8192.
 - virtual_space_node_default_size: 8388608.
 - enlarge_chunks_in_place: 1.
 - new_chunks_are_fully_committed: 0.
 - uncommit_free_chunks: 1.
 - use_allocation_guard: 0.
 - handle_deallocations: 1.


Internal statistics:

num_allocs_failed_limit: 3.
num_arena_births: 378.
num_arena_deaths: 0.
num_vsnodes_births: 3.
num_vsnodes_deaths: 0.
num_space_committed: 1209.
num_space_uncommitted: 0.
num_chunks_returned_to_freelist: 3.
num_chunks_taken_from_freelist: 3200.
num_chunk_merges: 3.
num_chunk_splits: 2555.
num_chunks_enlarged: 2260.
num_inconsistent_stats: 0.

CodeHeap 'non-profiled nmethods': size=120000Kb used=12712Kb max_used=12866Kb free=107287Kb
 bounds [0x000002261ecc0000, 0x000002261f960000, 0x00000226261f0000]
CodeHeap 'profiled nmethods': size=120000Kb used=50237Kb max_used=50237Kb free=69762Kb
 bounds [0x00000226171f0000, 0x000002261a310000, 0x000002261e720000]
CodeHeap 'non-nmethods': size=5760Kb used=1411Kb max_used=1464Kb free=4348Kb
 bounds [0x000002261e720000, 0x000002261e990000, 0x000002261ecc0000]
 total_blobs=16573 nmethods=15833 adapters=647
 compilation: enabled
              stopped_count=0, restarted_count=0
 full_count=0

Compilation events (20 events):
Event: 549.714 Thread 0x000002262ac143c0 nmethod 19984 0x000002261a2db190 code [0x000002261a2db380, 0x000002261a2db6f8]
Event: 549.714 Thread 0x000002262ac143c0 19985       2       org.jetbrains.kotlin.backend.jvm.lower.JvmArgumentNullabilityAssertionsLowering::visitExpressionBody (7 bytes)
Event: 549.715 Thread 0x000002262ac143c0 nmethod 19985 0x000002261a2db990 code [0x000002261a2dbbc0, 0x000002261a2dc0b8]
Event: 549.715 Thread 0x000002262ac143c0 19987       2       org.jetbrains.kotlin.ir.expressions.impl.IrCallImpl$Companion::fromSymbolOwner (65 bytes)
Event: 549.716 Thread 0x000002262ac143c0 nmethod 19987 0x000002261a2dc490 code [0x000002261a2dc700, 0x000002261a2dcdc8]
Event: 549.716 Thread 0x000002262ac143c0 19989       2       org.jetbrains.kotlin.backend.jvm.lower.JvmOptimizationLowering$Transformer::visitTypeOperator (10 bytes)
Event: 549.717 Thread 0x000002262ac143c0 nmethod 19989 0x000002261a2dd210 code [0x000002261a2dd400, 0x000002261a2dd7f8]
Event: 549.717 Thread 0x000002262ac143c0 19988       2       org.jetbrains.kotlin.ir.visitors.IrElementVisitor$DefaultImpls::visitBreakContinue (18 bytes)
Event: 549.718 Thread 0x000002262ac143c0 nmethod 19988 0x000002261a2dda90 code [0x000002261a2ddc80, 0x000002261a2ddf48]
Event: 549.718 Thread 0x000002262ac143c0 19990       2       org.jetbrains.kotlin.ir.expressions.impl.IrCallImpl$Companion::fromSymbolOwner (34 bytes)
Event: 549.719 Thread 0x000002262ac143c0 nmethod 19990 0x000002261a2de110 code [0x000002261a2de340, 0x000002261a2de8a8]
Event: 549.720 Thread 0x000002262ac143c0 19991       2       org.jetbrains.kotlin.backend.jvm.lower.JvmOptimizationLowering$Transformer::visitExpressionBody (10 bytes)
Event: 549.721 Thread 0x000002262ac143c0 nmethod 19991 0x000002261a2dec10 code [0x000002261a2dee00, 0x000002261a2df1f8]
Event: 549.721 Thread 0x000002262ac143c0 19992       2       org.jetbrains.kotlin.backend.jvm.lower.JvmOptimizationLowering$Transformer::visitExpressionBody (7 bytes)
Event: 549.722 Thread 0x000002262ac143c0 nmethod 19992 0x000002261a2df490 code [0x000002261a2df6c0, 0x000002261a2dfc18]
Event: 549.722 Thread 0x000002262ac143c0 19993       2       org.jetbrains.kotlin.ir.visitors.IrElementVisitorVoid$DefaultImpls::visitRawFunctionReference (14 bytes)
Event: 549.722 Thread 0x000002262ac143c0 nmethod 19993 0x000002261a2e0010 code [0x000002261a2e0200, 0x000002261a2e04c8]
Event: 549.722 Thread 0x000002262ac143c0 19994       2       org.jetbrains.kotlin.ir.visitors.IrElementVisitorVoid$DefaultImpls::visitRawFunctionReference (17 bytes)
Event: 549.723 Thread 0x000002262ac143c0 nmethod 19994 0x000002261a2e0690 code [0x000002261a2e0880, 0x000002261a2e0b48]
Event: 549.756 Thread 0x000002262ac143c0 19995       2       org.jetbrains.kotlin.backend.jvm.lower.TypeOperatorLowering::visitTypeOperator (1204 bytes)

GC Heap History (20 events):
Event: 432.128 GC heap before
{Heap before GC invocations=52 (full 0):
 garbage-first heap   total 155648K, used 128743K [0x00000000c1400000, 0x0000000100000000)
  region size 1024K, 43 young (44032K), 1 survivors (1024K)
 Metaspace       used 57831K, committed 58112K, reserved 1114112K
  class space    used 6410K, committed 6592K, reserved 1048576K
}
Event: 432.139 GC heap after
{Heap after GC invocations=53 (full 0):
 garbage-first heap   total 155648K, used 86071K [0x00000000c1400000, 0x0000000100000000)
  region size 1024K, 2 young (2048K), 2 survivors (2048K)
 Metaspace       used 57831K, committed 58112K, reserved 1114112K
  class space    used 6410K, committed 6592K, reserved 1048576K
}
Event: 466.278 GC heap before
{Heap before GC invocations=53 (full 0):
 garbage-first heap   total 155648K, used 129079K [0x00000000c1400000, 0x0000000100000000)
  region size 1024K, 44 young (45056K), 2 survivors (2048K)
 Metaspace       used 63298K, committed 63552K, reserved 1114112K
  class space    used 6912K, committed 7040K, reserved 1048576K
}
Event: 466.374 GC heap after
{Heap after GC invocations=54 (full 0):
 garbage-first heap   total 155648K, used 87642K [0x00000000c1400000, 0x0000000100000000)
  region size 1024K, 3 young (3072K), 3 survivors (3072K)
 Metaspace       used 63298K, committed 63552K, reserved 1114112K
  class space    used 6912K, committed 7040K, reserved 1048576K
}
Event: 506.480 GC heap before
{Heap before GC invocations=54 (full 0):
 garbage-first heap   total 155648K, used 130650K [0x00000000c1400000, 0x0000000100000000)
  region size 1024K, 45 young (46080K), 3 survivors (3072K)
 Metaspace       used 65178K, committed 65536K, reserved 1114112K
  class space    used 7062K, committed 7232K, reserved 1048576K
}
Event: 507.082 GC heap after
{Heap after GC invocations=55 (full 0):
 garbage-first heap   total 155648K, used 93222K [0x00000000c1400000, 0x0000000100000000)
  region size 1024K, 6 young (6144K), 6 survivors (6144K)
 Metaspace       used 65178K, committed 65536K, reserved 1114112K
  class space    used 7062K, committed 7232K, reserved 1048576K
}
Event: 507.439 GC heap before
{Heap before GC invocations=55 (full 0):
 garbage-first heap   total 155648K, used 97318K [0x00000000c1400000, 0x0000000100000000)
  region size 1024K, 10 young (10240K), 6 survivors (6144K)
 Metaspace       used 65181K, committed 65536K, reserved 1114112K
  class space    used 7062K, committed 7232K, reserved 1048576K
}
Event: 507.488 GC heap after
{Heap after GC invocations=56 (full 0):
 garbage-first heap   total 155648K, used 95018K [0x00000000c1400000, 0x0000000100000000)
  region size 1024K, 2 young (2048K), 2 survivors (2048K)
 Metaspace       used 65181K, committed 65536K, reserved 1114112K
  class space    used 7062K, committed 7232K, reserved 1048576K
}
Event: 524.330 GC heap before
{Heap before GC invocations=56 (full 0):
 garbage-first heap   total 155648K, used 121642K [0x00000000c1400000, 0x0000000100000000)
  region size 1024K, 28 young (28672K), 2 survivors (2048K)
 Metaspace       used 69097K, committed 69440K, reserved 1114112K
  class space    used 7412K, committed 7552K, reserved 1048576K
}
Event: 524.380 GC heap after
{Heap after GC invocations=57 (full 0):
 garbage-first heap   total 155648K, used 98445K [0x00000000c1400000, 0x0000000100000000)
  region size 1024K, 4 young (4096K), 4 survivors (4096K)
 Metaspace       used 69097K, committed 69440K, reserved 1114112K
  class space    used 7412K, committed 7552K, reserved 1048576K
}
Event: 534.399 GC heap before
{Heap before GC invocations=57 (full 0):
 garbage-first heap   total 155648K, used 125069K [0x00000000c1400000, 0x0000000100000000)
  region size 1024K, 30 young (30720K), 4 survivors (4096K)
 Metaspace       used 74805K, committed 75136K, reserved 1179648K
  class space    used 7986K, committed 8128K, reserved 1048576K
}
Event: 534.778 GC heap after
{Heap after GC invocations=58 (full 0):
 garbage-first heap   total 155648K, used 99848K [0x00000000c1400000, 0x0000000100000000)
  region size 1024K, 2 young (2048K), 2 survivors (2048K)
 Metaspace       used 74805K, committed 75136K, reserved 1179648K
  class space    used 7986K, committed 8128K, reserved 1048576K
}
Event: 544.832 GC heap before
{Heap before GC invocations=59 (full 0):
 garbage-first heap   total 178176K, used 116232K [0x00000000c1400000, 0x0000000100000000)
  region size 1024K, 20 young (20480K), 2 survivors (2048K)
 Metaspace       used 76530K, committed 76864K, reserved 1179648K
  class space    used 8083K, committed 8256K, reserved 1048576K
}
Event: 544.841 GC heap after
{Heap after GC invocations=60 (full 0):
 garbage-first heap   total 178176K, used 98558K [0x00000000c1400000, 0x0000000100000000)
  region size 1024K, 2 young (2048K), 2 survivors (2048K)
 Metaspace       used 76530K, committed 76864K, reserved 1179648K
  class space    used 8083K, committed 8256K, reserved 1048576K
}
Event: 546.161 GC heap before
{Heap before GC invocations=60 (full 0):
 garbage-first heap   total 178176K, used 104702K [0x00000000c1400000, 0x0000000100000000)
  region size 1024K, 8 young (8192K), 2 survivors (2048K)
 Metaspace       used 76711K, committed 77056K, reserved 1179648K
  class space    used 8086K, committed 8256K, reserved 1048576K
}
Event: 546.391 GC heap after
{Heap after GC invocations=61 (full 0):
 garbage-first heap   total 178176K, used 89822K [0x00000000c1400000, 0x0000000100000000)
  region size 1024K, 1 young (1024K), 1 survivors (1024K)
 Metaspace       used 76711K, committed 77056K, reserved 1179648K
  class space    used 8086K, committed 8256K, reserved 1048576K
}
Event: 548.328 GC heap before
{Heap before GC invocations=61 (full 0):
 garbage-first heap   total 178176K, used 116446K [0x00000000c1400000, 0x0000000100000000)
  region size 1024K, 27 young (27648K), 1 survivors (1024K)
 Metaspace       used 76945K, committed 77248K, reserved 1179648K
  class space    used 8103K, committed 8256K, reserved 1048576K
}
Event: 548.341 GC heap after
{Heap after GC invocations=62 (full 0):
 garbage-first heap   total 178176K, used 92013K [0x00000000c1400000, 0x0000000100000000)
  region size 1024K, 3 young (3072K), 3 survivors (3072K)
 Metaspace       used 76945K, committed 77248K, reserved 1179648K
  class space    used 8103K, committed 8256K, reserved 1048576K
}
Event: 549.139 GC heap before
{Heap before GC invocations=62 (full 0):
 garbage-first heap   total 178176K, used 115565K [0x00000000c1400000, 0x0000000100000000)
  region size 1024K, 26 young (26624K), 3 survivors (3072K)
 Metaspace       used 77048K, committed 77376K, reserved 1179648K
  class space    used 8103K, committed 8256K, reserved 1048576K
}
Event: 549.301 GC heap after
{Heap after GC invocations=63 (full 0):
 garbage-first heap   total 178176K, used 94116K [0x00000000c1400000, 0x0000000100000000)
  region size 1024K, 3 young (3072K), 3 survivors (3072K)
 Metaspace       used 77048K, committed 77376K, reserved 1179648K
  class space    used 8103K, committed 8256K, reserved 1048576K
}

Deoptimization events (20 events):
Event: 548.513 Thread 0x000002260f92b760 Uncommon trap: trap_request=0xffffffc6 fr.pc=0x000002261f58e1d8 relative=0x0000000000000198
Event: 548.513 Thread 0x000002260f92b760 Uncommon trap: reason=bimorphic_or_optimized_type_check action=maybe_recompile pc=0x000002261f58e1d8 method=org.jetbrains.kotlin.ir.types.impl.IrAbstractSimpleType.hashCode()I @ 28 c2
Event: 548.513 Thread 0x000002260f92b760 DEOPT PACKING pc=0x000002261f58e1d8 sp=0x00000081aecfd300
Event: 548.513 Thread 0x000002260f92b760 DEOPT UNPACKING pc=0x000002261e7723a3 sp=0x00000081aecfd290 mode 2
Event: 548.547 Thread 0x000002260f92b760 Uncommon trap: trap_request=0xffffffc6 fr.pc=0x000002261f9297c0 relative=0x0000000000000760
Event: 548.547 Thread 0x000002260f92b760 Uncommon trap: reason=bimorphic_or_optimized_type_check action=maybe_recompile pc=0x000002261f9297c0 method=org.jetbrains.kotlin.ir.util.IrUtilsKt.hasAnnotation(Lorg/jetbrains/kotlin/ir/declarations/IrAnnotationContainer;Lorg/jetbrains/kotlin/name/FqName;
Event: 548.547 Thread 0x000002260f92b760 DEOPT PACKING pc=0x000002261f9297c0 sp=0x00000081aecfc6d0
Event: 548.547 Thread 0x000002260f92b760 DEOPT UNPACKING pc=0x000002261e7723a3 sp=0x00000081aecfc690 mode 2
Event: 548.547 Thread 0x000002260f92b760 Uncommon trap: trap_request=0xffffffc6 fr.pc=0x000002261f9297c0 relative=0x0000000000000760
Event: 548.547 Thread 0x000002260f92b760 Uncommon trap: reason=bimorphic_or_optimized_type_check action=maybe_recompile pc=0x000002261f9297c0 method=org.jetbrains.kotlin.ir.util.IrUtilsKt.hasAnnotation(Lorg/jetbrains/kotlin/ir/declarations/IrAnnotationContainer;Lorg/jetbrains/kotlin/name/FqName;
Event: 548.547 Thread 0x000002260f92b760 DEOPT PACKING pc=0x000002261f9297c0 sp=0x00000081aecfc6d0
Event: 548.547 Thread 0x000002260f92b760 DEOPT UNPACKING pc=0x000002261e7723a3 sp=0x00000081aecfc690 mode 2
Event: 548.547 Thread 0x000002260f92b760 Uncommon trap: trap_request=0xffffffc6 fr.pc=0x000002261f9297c0 relative=0x0000000000000760
Event: 548.547 Thread 0x000002260f92b760 Uncommon trap: reason=bimorphic_or_optimized_type_check action=maybe_recompile pc=0x000002261f9297c0 method=org.jetbrains.kotlin.ir.util.IrUtilsKt.hasAnnotation(Lorg/jetbrains/kotlin/ir/declarations/IrAnnotationContainer;Lorg/jetbrains/kotlin/name/FqName;
Event: 548.547 Thread 0x000002260f92b760 DEOPT PACKING pc=0x000002261f9297c0 sp=0x00000081aecfc6d0
Event: 548.549 Thread 0x000002260f92b760 DEOPT UNPACKING pc=0x000002261e7723a3 sp=0x00000081aecfc690 mode 2
Event: 549.449 Thread 0x000002260f92b760 Uncommon trap: trap_request=0xffffff45 fr.pc=0x000002261f622380 relative=0x0000000000002b40
Event: 549.449 Thread 0x000002260f92b760 Uncommon trap: reason=unstable_if action=reinterpret pc=0x000002261f622380 method=org.jetbrains.kotlin.ir.util.TypeTranslator.translateTypeAnnotations(Lorg/jetbrains/kotlin/types/KotlinType;Lorg/jetbrains/kotlin/types/KotlinType;)Ljava/util/List; @ 205 c2
Event: 549.450 Thread 0x000002260f92b760 DEOPT PACKING pc=0x000002261f622380 sp=0x00000081aecfc780
Event: 549.450 Thread 0x000002260f92b760 DEOPT UNPACKING pc=0x000002261e7723a3 sp=0x00000081aecfc728 mode 2

Classes unloaded (0 events):
No events

Classes redefined (0 events):
No events

Internal exceptions (20 events):
Event: 192.524 Thread 0x000002260f92b760 Implicit null exception at 0x000002261ee3011f to 0x000002261ee34898
Event: 220.245 Thread 0x000002260f92b760 Implicit null exception at 0x000002261f1a06f1 to 0x000002261f1a2480
Event: 220.246 Thread 0x000002260f92b760 Implicit null exception at 0x000002261f19fcfb to 0x000002261f1a2490
Event: 220.485 Thread 0x000002260f92b760 Implicit null exception at 0x000002261f1a06f1 to 0x000002261f1a2480
Event: 220.486 Thread 0x000002260f92b760 Implicit null exception at 0x000002261f19fcfb to 0x000002261f1a2490
Event: 222.030 Thread 0x000002260f92b760 Implicit null exception at 0x000002261f1d736f to 0x000002261f1d751c
Event: 233.115 Thread 0x000002260f92b760 Implicit null exception at 0x000002261f255ce7 to 0x000002261f258f48
Event: 399.548 Thread 0x000002260f92b760 Implicit null exception at 0x000002261f3fc32f to 0x000002261f3fd828
Event: 405.993 Thread 0x000002260f92b760 Implicit null exception at 0x000002261f0ae117 to 0x000002261f0ae314
Event: 423.243 Thread 0x000002260f92b760 Implicit null exception at 0x000002261f38fab5 to 0x000002261f3903d4
Event: 450.479 Thread 0x000002260f92b760 Exception <a 'java/lang/NoSuchMethodError'{0x00000000c93ed218}: 'java.lang.Object java.lang.invoke.DirectMethodHandle$Holder.invokeStaticInit(java.lang.Object, java.lang.Object, java.lang.Object, java.lang.Object)'> (0x00000000c93ed218) 
thrown [s\open\src\hotspot\share\interpreter\linkResolver.cpp, line 759]
Event: 466.440 Thread 0x000002260f92b760 Implicit null exception at 0x000002261ed73612 to 0x000002261ed73a64
Event: 466.841 Thread 0x000002260f92b760 Exception <a 'java/lang/NoSuchMethodError'{0x00000000caa30780}: 'java.lang.Object java.lang.invoke.DirectMethodHandle$Holder.newInvokeSpecial(java.lang.Object, java.lang.Object, java.lang.Object, int, int)'> (0x00000000caa30780) 
thrown [s\open\src\hotspot\share\interpreter\linkResolver.cpp, line 759]
Event: 466.853 Thread 0x000002260f92b760 Exception <a 'java/lang/NoSuchMethodError'{0x00000000caa345c0}: 'java.lang.Object java.lang.invoke.DirectMethodHandle$Holder.invokeSpecial(java.lang.Object, java.lang.Object, java.lang.Object, java.lang.Object, int, int)'> (0x00000000caa345c0) 
thrown [s\open\src\hotspot\share\interpreter\linkResolver.cpp, line 759]
Event: 471.381 Thread 0x000002260f92b760 Exception <a 'java/lang/NoSuchMethodError'{0x00000000ca81b9d0}: 'java.lang.Object java.lang.invoke.DirectMethodHandle$Holder.invokeSpecial(java.lang.Object, java.lang.Object, int, int, java.lang.Object, java.lang.Object, java.lang.Object, java.lang.Object, java.lang.Object)'> (0x00000000ca81b9d0) 
thrown [s\open\src\hotspot\share\interpreter\linkResolver.cpp, line 759]
Event: 472.891 Thread 0x000002260f92b760 Exception <a 'java/lang/NoSuchMethodError'{0x00000000ca73af70}: 'java.lang.Object java.lang.invoke.DirectMethodHandle$Holder.newInvokeSpecial(java.lang.Object, java.lang.Object, int, int, java.lang.Object, java.lang.Object, java.lang.Object)'> (0x00000000ca73af70) 
thrown [s\open\src\hotspot\share\interpreter\linkResolver.cpp, line 759]
Event: 472.894 Thread 0x000002260f92b760 Exception <a 'java/lang/NoSuchMethodError'{0x00000000ca73f570}: 'java.lang.Object java.lang.invoke.DirectMethodHandle$Holder.invokeSpecial(java.lang.Object, java.lang.Object, java.lang.Object, int, int, java.lang.Object, java.lang.Object, java.lang.Object)'> (0x00000000ca73f570) 
thrown [s\open\src\hotspot\share\interpreter\linkResolver.cpp, line 759]
Event: 486.305 Thread 0x000002260f92b760 Exception <a 'java/lang/NoSuchMethodError'{0x00000000c97215f0}: 'java.lang.Object java.lang.invoke.DirectMethodHandle$Holder.invokeStatic(java.lang.Object, java.lang.Object, java.lang.Object, int, int, java.lang.Object, java.lang.Object, java.lang.Object, java.lang.Object)'> (0x00000000c97215f0) 
thrown [s\open\src\hotspot\share\interpreter\linkResolver.cpp, line 759]
Event: 486.316 Thread 0x000002260f92b760 Exception <a 'java/lang/NoSuchMethodError'{0x00000000c972b8b8}: 'java.lang.Object java.lang.invoke.DirectMethodHandle$Holder.newInvokeSpecial(java.lang.Object, java.lang.Object, java.lang.Object, int, int, java.lang.Object)'> (0x00000000c972b8b8) 
thrown [s\open\src\hotspot\share\interpreter\linkResolver.cpp, line 759]
Event: 486.321 Thread 0x000002260f92b760 Exception <a 'java/lang/NoSuchMethodError'{0x00000000c9733258}: 'java.lang.Object java.lang.invoke.Invokers$Holder.linkToTargetMethod(java.lang.Object, java.lang.Object, int, int, java.lang.Object, java.lang.Object)'> (0x00000000c9733258) 
thrown [s\open\src\hotspot\share\interpreter\linkResolver.cpp, line 759]

VM Operations (20 events):
Event: 542.099 Executing VM operation: ICBufferFull
Event: 542.099 Executing VM operation: ICBufferFull done
Event: 542.646 Executing VM operation: HandshakeAllThreads
Event: 542.652 Executing VM operation: HandshakeAllThreads done
Event: 543.425 Executing VM operation: ICBufferFull
Event: 543.425 Executing VM operation: ICBufferFull done
Event: 544.220 Executing VM operation: ICBufferFull
Event: 544.221 Executing VM operation: ICBufferFull done
Event: 544.832 Executing VM operation: G1CollectForAllocation
Event: 544.841 Executing VM operation: G1CollectForAllocation done
Event: 545.854 Executing VM operation: Cleanup
Event: 545.856 Executing VM operation: Cleanup done
Event: 546.161 Executing VM operation: G1CollectForAllocation
Event: 546.391 Executing VM operation: G1CollectForAllocation done
Event: 547.393 Executing VM operation: Cleanup
Event: 547.394 Executing VM operation: Cleanup done
Event: 548.305 Executing VM operation: G1CollectForAllocation
Event: 548.341 Executing VM operation: G1CollectForAllocation done
Event: 549.139 Executing VM operation: G1CollectForAllocation
Event: 549.301 Executing VM operation: G1CollectForAllocation done

Events (20 events):
Event: 542.718 Thread 0x000002262ac1a8c0 flushing nmethod 0x0000022619696210
Event: 542.718 Thread 0x000002262ac1a8c0 flushing nmethod 0x0000022619737510
Event: 542.719 Thread 0x000002262ac1a8c0 flushing nmethod 0x0000022619777490
Event: 542.719 Thread 0x000002262ac1a8c0 flushing nmethod 0x00000226197a1010
Event: 542.720 Thread 0x000002262ac1a8c0 flushing nmethod 0x0000022619868390
Event: 542.720 Thread 0x000002262ac1a8c0 flushing nmethod 0x0000022619888210
Event: 542.721 Thread 0x000002262ac1a8c0 flushing nmethod 0x0000022619936990
Event: 542.722 Thread 0x000002262ac1a8c0 flushing nmethod 0x0000022619a1c190
Event: 542.722 Thread 0x000002262ac1a8c0 flushing nmethod 0x0000022619a8a890
Event: 542.722 Thread 0x000002262ac1a8c0 flushing nmethod 0x0000022619a90610
Event: 542.722 Thread 0x000002262ac1a8c0 flushing nmethod 0x0000022619a93f10
Event: 542.722 Thread 0x000002262ac1a8c0 flushing nmethod 0x0000022619a95110
Event: 542.722 Thread 0x000002262ac1a8c0 flushing nmethod 0x0000022619a96a90
Event: 542.722 Thread 0x000002262ac1a8c0 flushing nmethod 0x0000022619a97890
Event: 542.722 Thread 0x000002262ac1a8c0 flushing nmethod 0x0000022619aa2690
Event: 542.722 Thread 0x000002262ac1a8c0 flushing nmethod 0x0000022619aa6f90
Event: 542.722 Thread 0x000002262ac1a8c0 flushing nmethod 0x0000022619aa9890
Event: 542.722 Thread 0x000002262ac1a8c0 flushing nmethod 0x0000022619aaa590
Event: 542.722 Thread 0x000002262ac1a8c0 flushing nmethod 0x0000022619aab090
Event: 542.722 Thread 0x000002262ac1a8c0 flushing nmethod 0x0000022619aab610


Dynamic libraries:
0x00007ff6c1250000 - 0x00007ff6c1260000 	C:\Program Files\Java\jdk-17\bin\java.exe
0x00007ffe7eab0000 - 0x00007ffe7eca8000 	C:\Windows\SYSTEM32\ntdll.dll
0x00007ffe7cad0000 - 0x00007ffe7cb92000 	C:\Windows\System32\KERNEL32.DLL
0x00007ffe7c2b0000 - 0x00007ffe7c5ae000 	C:\Windows\System32\KERNELBASE.dll
0x00007ffe7c7b0000 - 0x00007ffe7c8b0000 	C:\Windows\System32\ucrtbase.dll
0x00007ffe762e0000 - 0x00007ffe762f9000 	C:\Program Files\Java\jdk-17\bin\jli.dll
0x00007ffe7e610000 - 0x00007ffe7e6c2000 	C:\Windows\System32\ADVAPI32.dll
0x00007ffe7d690000 - 0x00007ffe7d72e000 	C:\Windows\System32\msvcrt.dll
0x00007ffe7d730000 - 0x00007ffe7d7d0000 	C:\Windows\System32\sechost.dll
0x00007ffe7d0c0000 - 0x00007ffe7d1e3000 	C:\Windows\System32\RPCRT4.dll
0x00007ffe7c8b0000 - 0x00007ffe7c8d7000 	C:\Windows\System32\bcrypt.dll
0x00007ffe7e8d0000 - 0x00007ffe7ea6d000 	C:\Windows\System32\USER32.dll
0x00007ffe7c6d0000 - 0x00007ffe7c6f2000 	C:\Windows\System32\win32u.dll
0x00007ffe7dbb0000 - 0x00007ffe7dbdb000 	C:\Windows\System32\GDI32.dll
0x00007ffe7c5b0000 - 0x00007ffe7c6c7000 	C:\Windows\System32\gdi32full.dll
0x00007ffe7c8e0000 - 0x00007ffe7c97d000 	C:\Windows\System32\msvcp_win.dll
0x00007ffe76300000 - 0x00007ffe7631b000 	C:\Program Files\Java\jdk-17\bin\VCRUNTIME140.dll
0x00007ffe6c700000 - 0x00007ffe6c99a000 	C:\Windows\WinSxS\amd64_microsoft.windows.common-controls_6595b64144ccf1df_6.0.19041.4355_none_60b8b9eb71f62e16\COMCTL32.dll
0x00007ffe6ce20000 - 0x00007ffe6ce2a000 	C:\Windows\SYSTEM32\VERSION.dll
0x00007ffe7db80000 - 0x00007ffe7dbaf000 	C:\Windows\System32\IMM32.DLL
0x00007ffe762d0000 - 0x00007ffe762dc000 	C:\Program Files\Java\jdk-17\bin\vcruntime140_1.dll
0x00007ffe47dd0000 - 0x00007ffe47e5e000 	C:\Program Files\Java\jdk-17\bin\msvcp140.dll
0x00007ffe0bad0000 - 0x00007ffe0c6b0000 	C:\Program Files\Java\jdk-17\bin\server\jvm.dll
0x00007ffe7e730000 - 0x00007ffe7e738000 	C:\Windows\System32\PSAPI.DLL
0x00007ffe762c0000 - 0x00007ffe762c9000 	C:\Windows\SYSTEM32\WSOCK32.dll
0x00007ffe7d900000 - 0x00007ffe7d96b000 	C:\Windows\System32\WS2_32.dll
0x00007ffe6c3c0000 - 0x00007ffe6c3e7000 	C:\Windows\SYSTEM32\WINMM.dll
0x00007ffe7a970000 - 0x00007ffe7a982000 	C:\Windows\SYSTEM32\kernel.appcore.dll
0x00007ffe76280000 - 0x00007ffe7628a000 	C:\Program Files\Java\jdk-17\bin\jimage.dll
0x00007ffe79eb0000 - 0x00007ffe7a094000 	C:\Windows\SYSTEM32\DBGHELP.DLL
0x00007ffe67ed0000 - 0x00007ffe67f04000 	C:\Windows\SYSTEM32\dbgcore.DLL
0x00007ffe7ca40000 - 0x00007ffe7cac2000 	C:\Windows\System32\bcryptPrimitives.dll
0x00007ffe6b710000 - 0x00007ffe6b735000 	C:\Program Files\Java\jdk-17\bin\java.dll
0x00007ffe44ac0000 - 0x00007ffe44b97000 	C:\Program Files\Java\jdk-17\bin\jsvml.dll
0x00007ffe7dbe0000 - 0x00007ffe7e34f000 	C:\Windows\System32\SHELL32.dll
0x00007ffe7a1b0000 - 0x00007ffe7a954000 	C:\Windows\SYSTEM32\windows.storage.dll
0x00007ffe7d210000 - 0x00007ffe7d563000 	C:\Windows\System32\combase.dll
0x00007ffe7bab0000 - 0x00007ffe7bade000 	C:\Windows\SYSTEM32\Wldp.dll
0x00007ffe7d7d0000 - 0x00007ffe7d89d000 	C:\Windows\System32\OLEAUT32.dll
0x00007ffe7cba0000 - 0x00007ffe7cc4d000 	C:\Windows\System32\SHCORE.dll
0x00007ffe7d8a0000 - 0x00007ffe7d8f5000 	C:\Windows\System32\shlwapi.dll
0x00007ffe7c080000 - 0x00007ffe7c0a4000 	C:\Windows\SYSTEM32\profapi.dll
0x00007ffe75dd0000 - 0x00007ffe75de9000 	C:\Program Files\Java\jdk-17\bin\net.dll
0x00007ffe74980000 - 0x00007ffe74a8d000 	C:\Windows\SYSTEM32\WINHTTP.dll
0x00007ffe7b810000 - 0x00007ffe7b87a000 	C:\Windows\system32\mswsock.dll
0x00007ffe75d70000 - 0x00007ffe75d86000 	C:\Program Files\Java\jdk-17\bin\nio.dll
0x00007ffe73220000 - 0x00007ffe73238000 	C:\Program Files\Java\jdk-17\bin\zip.dll
0x00007ffe76270000 - 0x00007ffe76280000 	C:\Program Files\Java\jdk-17\bin\verify.dll

dbghelp: loaded successfully - version: 4.0.5 - missing functions: none
symbol engine: initialized successfully - sym options: 0x614 - pdb path: .;C:\Program Files\Java\jdk-17\bin;C:\Windows\SYSTEM32;C:\Windows\WinSxS\amd64_microsoft.windows.common-controls_6595b64144ccf1df_6.0.19041.4355_none_60b8b9eb71f62e16;C:\Program Files\Java\jdk-17\bin\server

VM Arguments:
java_command: org.jetbrains.kotlin.cli.jvm.K2JVMCompiler @C:\Users\HP\Desktop\ProjekUTS\node_modules\react-native-gesture-handler\android\build\20241105_13412896340046692940.compiler.options
java_class_path (initial): C:\Users\HP\.gradle\caches\modules-2\files-2.1\org.jetbrains.kotlin\kotlin-compiler-embeddable\1.9.24\78dab849090e6c5e2eadb6e59a11cdc28fb67a08\kotlin-compiler-embeddable-1.9.24.jar;C:\Users\HP\.gradle\caches\modules-2\files-2.1\org.jetbrains.kotlin\kotlin-stdlib\1.9.24\9928532f12c66ad816a625b3f9984f8368ca6d2b\kotlin-stdlib-1.9.24.jar;C:\Users\HP\.gradle\caches\modules-2\files-2.1\org.jetbrains.kotlin\kotlin-script-runtime\1.9.24\96771497da90fbc5af1c90fce148db2595a62502\kotlin-script-runtime-1.9.24.jar;C:\Users\HP\.gradle\caches\modules-2\files-2.1\org.jetbrains.kotlin\kotlin-reflect\1.6.10\1cbe9c92c12a94eea200d23c2bbaedaf3daf5132\kotlin-reflect-1.6.10.jar;C:\Users\HP\.gradle\caches\modules-2\files-2.1\org.jetbrains.kotlin\kotlin-daemon-embeddable\1.9.24\86685b9c5e8d170925bd9ddbdc263374a6a73281\kotlin-daemon-embeddable-1.9.24.jar;C:\Users\HP\.gradle\caches\modules-2\files-2.1\org.jetbrains.intellij.deps\trove4j\1.0.20200330\3afb14d5f9ceb459d724e907a21145e8ff394f02\trove4j-1.0.20200330.jar;C:\Users\HP\.gradle\caches\modules-2\files-2.1\org.jetbrains\annotations\13.0\919f0dfe192fb4e063e7dacadee7f8bb9a2672a9\annotations-13.0.jar
Launcher Type: SUN_STANDARD

[Global flags]
     intx CICompilerCount                          = 3                                         {product} {ergonomic}
     uint ConcGCThreads                            = 1                                         {product} {ergonomic}
     uint G1ConcRefinementThreads                  = 4                                         {product} {ergonomic}
   size_t G1HeapRegionSize                         = 1048576                                   {product} {ergonomic}
    uintx GCDrainStackTargetSize                   = 64                                        {product} {ergonomic}
   size_t InitialHeapSize                          = 67108864                                  {product} {ergonomic}
   size_t MarkStackSize                            = 4194304                                   {product} {ergonomic}
   size_t MaxHeapSize                              = 1052770304                                {product} {ergonomic}
   size_t MaxNewSize                               = 631242752                                 {product} {ergonomic}
   size_t MinHeapDeltaBytes                        = 1048576                                   {product} {ergonomic}
   size_t MinHeapSize                              = 8388608                                   {product} {ergonomic}
    uintx NonNMethodCodeHeapSize                   = 5832780                                {pd product} {ergonomic}
    uintx NonProfiledCodeHeapSize                  = 122912730                              {pd product} {ergonomic}
    uintx ProfiledCodeHeapSize                     = 122912730                              {pd product} {ergonomic}
    uintx ReservedCodeCacheSize                    = 251658240                              {pd product} {ergonomic}
     bool SegmentedCodeCache                       = true                                      {product} {ergonomic}
   size_t SoftMaxHeapSize                          = 1052770304                             {manageable} {ergonomic}
     bool UseCompressedClassPointers               = true                           {product lp64_product} {ergonomic}
     bool UseCompressedOops                        = true                           {product lp64_product} {ergonomic}
     bool UseG1GC                                  = true                                      {product} {ergonomic}
     bool UseLargePagesIndividualAllocation        = false                                  {pd product} {ergonomic}

Logging:
Log output configuration:
 #0: stdout all=warning uptime,level,tags
 #1: stderr all=off uptime,level,tags

Environment Variables:
CLASSPATH=C:\Users\HP\Desktop\ProjekUTS\android\\gradle\wrapper\gradle-wrapper.jar
PATH=C:\Users\HP\Desktop\ProjekUTS\node_modules\.bin;C:\Users\HP\Desktop\ProjekUTS\node_modules\.bin;C:\Users\HP\Desktop\node_modules\.bin;C:\Users\HP\node_modules\.bin;C:\Users\node_modules\.bin;C:\node_modules\.bin;C:\Users\HP\AppData\Roaming\npm\node_modules\npm\node_modules\@npmcli\run-script\lib\node-gyp-bin;C:\Users\HP\Desktop\ProjekUTS\node_modules\.bin;C:\Users\HP\Desktop\ProjekUTS\node_modules\.bin;C:\Users\HP\Desktop\node_modules\.bin;C:\Users\HP\node_modules\.bin;C:\Users\node_modules\.bin;C:\node_modules\.bin;C:\Users\HP\AppData\Roaming\npm\node_modules\npm\node_modules\@npmcli\run-script\lib\node-gyp-bin;C:\Program Files\Common Files\Oracle\Java\javapath;C:\Windows\system32;C:\Windows;C:\Windows\System32\Wbem;C:\Windows\System32\WindowsPowerShell\v1.0\;C:\Windows\System32\OpenSSH\;C:\Program Files\nodejs\;C:\Users\HP\AppData\Local\Android\Sdk\platform-tools;C:\Program Files\Git\cmd;C:\xampp\php;C:\composer;C:\Users\HP\AppData\Local\Android\Sdk\build-tools\;C:\Users\HP\AppData\Local\Android\Sdk\platform-tools;C:\Users\HP\AppData\Local\Android\Sdk\tools;C:\Users\HP\AppData\Local\Microsoft\WindowsApps;C:\Users\HP\AppData\Local\Programs\Microsoft VS Code\bin;C:\Users\HP\AppData\Roaming\Composer\vendor\bin;C:\Users\HP\AppData\Roaming\npm;C:\Users\HP\AppData\Local\Android\Sdk\platform-tools;C:\Users\HP\AppData\Local\Android\Sdk\emulator;C:\Users\HP\AppData\Local\Android\Sdk\emuator\bin64;C:\Users\HP\AppData\Local\Android\Sdk\tools;C:\Users\HP\AppData\Local\Android\Sdk\tools\bin;C:\Users\HP\AppData\Roaming\Composer\vendor\bin;
USERNAME=HP
LANG=en_US.UTF-8
OS=Windows_NT
PROCESSOR_IDENTIFIER=Intel64 Family 6 Model 61 Stepping 4, GenuineIntel



---------------  S Y S T E M  ---------------

OS:
 Windows 10 , 64 bit Build 19041 (10.0.19041.4957)
OS uptime: 0 days 9:19 hours

CPU: total 4 (initial active 4) (2 cores per cpu, 2 threads per core) family 6 model 61 stepping 4 microcode 0x2d, cx8, cmov, fxsr, ht, mmx, 3dnowpref, sse, sse2, sse3, ssse3, sse4.1, sse4.2, popcnt, lzcnt, tsc, tscinvbit, avx, avx2, aes, erms, clmul, bmi1, bmi2, adx, fma, vzeroupper, clflush

Memory: 4k page, system-wide physical 4011M (293M free)
TotalPageFile size 16299M (AvailPageFile size 6M)
current process WorkingSet (physical memory assigned to process): 332M, peak: 332M
current process commit charge ("private bytes"): 447M, peak: 448M

vm_info: Java HotSpot(TM) 64-Bit Server VM (17.0.12+8-LTS-286) for windows-amd64 JRE (17.0.12+8-LTS-286), built on Jun  5 2024 06:46:59 by "mach5one" with MS VC++ 17.6 (VS2022)

END.
